<?xml version="1.0" encoding="UTF-8"?>
<robot generator="Robot 3.0.4 (Python 3.6.4 on linux)" generated="20181123 17:01:03.830">
<suite id="s1" name="Tests" source="/home/robot/tests">
<suite id="s1-s1" name="Example" source="/home/robot/tests/example.txt">
<test id="s1-s1-t1" name="simpleRequest">
<kw name="Create Session" library="RequestsLibrary">
<doc>Create Session: create a HTTP session to a server</doc>
<arguments>
<arg>basic</arg>
<arg>http://echo.jsontest.com/framework/robot-framework/api/rest</arg>
</arguments>
<msg timestamp="20181123 17:01:04.016" level="INFO">Creating Session using : alias=basic, url=http://echo.jsontest.com/framework/robot-framework/api/rest, headers={},                     cookies=None, auth=None, timeout=None, proxies=None, verify=False,                     debug=0 </msg>
<status status="PASS" starttime="20181123 17:01:04.014" endtime="20181123 17:01:04.017"></status>
</kw>
<kw name="Get Request" library="RequestsLibrary">
<doc>Send a GET request on the session object found using the</doc>
<arguments>
<arg>basic</arg>
<arg>/</arg>
</arguments>
<assign>
<var>${result}</var>
</assign>
<msg timestamp="20181123 17:01:04.234" level="INFO">Get Request using : alias=basic, uri=/, headers=None json=None</msg>
<msg timestamp="20181123 17:01:04.234" level="INFO">${result} = &lt;Response [200]&gt;</msg>
<status status="PASS" starttime="20181123 17:01:04.019" endtime="20181123 17:01:04.234"></status>
</kw>
<kw name="Should Be Equal" library="BuiltIn">
<doc>Fails if the given objects are unequal.</doc>
<arguments>
<arg>${result.status_code}</arg>
<arg>${200}</arg>
</arguments>
<status status="PASS" starttime="20181123 17:01:04.235" endtime="20181123 17:01:04.237"></status>
</kw>
<kw name="Set Variable" library="BuiltIn">
<doc>Returns the given values which can then be assigned to a variables.</doc>
<arguments>
<arg>${result.json()}</arg>
</arguments>
<assign>
<var>${json}</var>
</assign>
<msg timestamp="20181123 17:01:04.240" level="INFO">${json} = {'api': 'rest', 'framework': 'robot-framework'}</msg>
<status status="PASS" starttime="20181123 17:01:04.238" endtime="20181123 17:01:04.240"></status>
</kw>
<status status="PASS" starttime="20181123 17:01:04.009" endtime="20181123 17:01:04.241" critical="yes"></status>
</test>
<status status="PASS" starttime="20181123 17:01:03.878" endtime="20181123 17:01:04.242"></status>
</suite>
<suite id="s1-s2" name="Requests Example" source="/home/robot/tests/requests_example.robot">
<test id="s1-s2-t1" name="Get Requests">
<kw name="Create Session" library="RequestsLibrary">
<doc>Create Session: create a HTTP session to a server</doc>
<arguments>
<arg>google</arg>
<arg>http://www.google.com</arg>
</arguments>
<msg timestamp="20181123 17:01:04.298" level="INFO">Creating Session using : alias=google, url=http://www.google.com, headers={},                     cookies=None, auth=None, timeout=None, proxies=None, verify=False,                     debug=0 </msg>
<status status="PASS" starttime="20181123 17:01:04.298" endtime="20181123 17:01:04.299"></status>
</kw>
<kw name="Create Session" library="RequestsLibrary">
<doc>Create Session: create a HTTP session to a server</doc>
<arguments>
<arg>github</arg>
<arg>https://api.github.com</arg>
<arg>verify=/home/robot/tests${/}cacert.pem</arg>
</arguments>
<msg timestamp="20181123 17:01:04.300" level="INFO">Creating Session using : alias=github, url=https://api.github.com, headers={},                     cookies=None, auth=None, timeout=None, proxies=None, verify=/home/robot/tests/cacert.pem,                     debug=0 </msg>
<status status="PASS" starttime="20181123 17:01:04.299" endtime="20181123 17:01:04.301"></status>
</kw>
<kw name="Get Request" library="RequestsLibrary">
<doc>Send a GET request on the session object found using the</doc>
<arguments>
<arg>google</arg>
<arg>/</arg>
</arguments>
<assign>
<var>${resp}</var>
</assign>
<msg timestamp="20181123 17:01:04.395" level="INFO">Get Request using : alias=google, uri=/, headers=None json=None</msg>
<msg timestamp="20181123 17:01:04.395" level="INFO">${resp} = &lt;Response [200]&gt;</msg>
<status status="PASS" starttime="20181123 17:01:04.301" endtime="20181123 17:01:04.395"></status>
</kw>
<kw name="Should Be Equal As Strings" library="BuiltIn">
<doc>Fails if objects are unequal after converting them to strings.</doc>
<arguments>
<arg>${resp.status_code}</arg>
<arg>200</arg>
</arguments>
<msg timestamp="20181123 17:01:04.396" level="INFO">Argument types are:
&lt;class 'int'&gt;
&lt;type 'unicode'&gt;</msg>
<status status="PASS" starttime="20181123 17:01:04.396" endtime="20181123 17:01:04.397"></status>
</kw>
<kw name="Get Request" library="RequestsLibrary">
<doc>Send a GET request on the session object found using the</doc>
<arguments>
<arg>github</arg>
<arg>/users/bulkan</arg>
</arguments>
<assign>
<var>${resp}</var>
</assign>
<msg timestamp="20181123 17:01:04.994" level="INFO">Get Request using : alias=github, uri=/users/bulkan, headers=None json=None</msg>
<msg timestamp="20181123 17:01:04.995" level="INFO">${resp} = &lt;Response [200]&gt;</msg>
<status status="PASS" starttime="20181123 17:01:04.397" endtime="20181123 17:01:04.995"></status>
</kw>
<kw name="Should Be Equal As Strings" library="BuiltIn">
<doc>Fails if objects are unequal after converting them to strings.</doc>
<arguments>
<arg>${resp.status_code}</arg>
<arg>200</arg>
</arguments>
<msg timestamp="20181123 17:01:04.996" level="INFO">Argument types are:
&lt;class 'int'&gt;
&lt;type 'unicode'&gt;</msg>
<status status="PASS" starttime="20181123 17:01:04.995" endtime="20181123 17:01:04.996"></status>
</kw>
<kw name="Dictionary Should Contain Value" library="Collections">
<doc>Fails if ``value`` is not found from ``dictionary``.</doc>
<arguments>
<arg>${resp.json()}</arg>
<arg>Bulkan Evcimen</arg>
</arguments>
<status status="PASS" starttime="20181123 17:01:04.997" endtime="20181123 17:01:04.998"></status>
</kw>
<tags>
<tag>get</tag>
</tags>
<status status="PASS" starttime="20181123 17:01:04.297" endtime="20181123 17:01:04.998" critical="yes"></status>
</test>
<test id="s1-s2-t2" name="Get Requests with Url Parameters">
<kw name="Create Session" library="RequestsLibrary">
<doc>Create Session: create a HTTP session to a server</doc>
<arguments>
<arg>httpbin</arg>
<arg>http://httpbin.org</arg>
</arguments>
<msg timestamp="20181123 17:01:05.001" level="INFO">Creating Session using : alias=httpbin, url=http://httpbin.org, headers={},                     cookies=None, auth=None, timeout=None, proxies=None, verify=False,                     debug=0 </msg>
<status status="PASS" starttime="20181123 17:01:05.000" endtime="20181123 17:01:05.001"></status>
</kw>
<kw name="Create Dictionary" library="BuiltIn">
<doc>Creates and returns a dictionary based on the given ``items``.</doc>
<arguments>
<arg>key=value</arg>
<arg>key2=value2</arg>
</arguments>
<assign>
<var>&amp;{params}</var>
</assign>
<msg timestamp="20181123 17:01:05.004" level="INFO">&amp;{params} = { key=value | key2=value2 }</msg>
<status status="PASS" starttime="20181123 17:01:05.002" endtime="20181123 17:01:05.004"></status>
</kw>
<kw name="Get Request" library="RequestsLibrary">
<doc>Send a GET request on the session object found using the</doc>
<arguments>
<arg>httpbin</arg>
<arg>/get</arg>
<arg>params=${params}</arg>
</arguments>
<assign>
<var>${resp}</var>
</assign>
<msg timestamp="20181123 17:01:05.285" level="INFO">Get Request using : alias=httpbin, uri=/get, headers=None json=None</msg>
<msg timestamp="20181123 17:01:05.286" level="INFO">${resp} = &lt;Response [200]&gt;</msg>
<status status="PASS" starttime="20181123 17:01:05.004" endtime="20181123 17:01:05.286"></status>
</kw>
<kw name="Should Be Equal As Strings" library="BuiltIn">
<doc>Fails if objects are unequal after converting them to strings.</doc>
<arguments>
<arg>${resp.status_code}</arg>
<arg>200</arg>
</arguments>
<msg timestamp="20181123 17:01:05.287" level="INFO">Argument types are:
&lt;class 'int'&gt;
&lt;type 'unicode'&gt;</msg>
<status status="PASS" starttime="20181123 17:01:05.287" endtime="20181123 17:01:05.287"></status>
</kw>
<kw name="To Json" library="RequestsLibrary">
<doc>Convert a string to a JSON object</doc>
<arguments>
<arg>${resp.content}</arg>
</arguments>
<assign>
<var>${jsondata}</var>
</assign>
<msg timestamp="20181123 17:01:05.289" level="INFO">To JSON using : content={
  "args": {
    "key": "value", 
    "key2": "value2"
  }, 
  "headers": {
    "Accept": "*/*", 
    "Accept-Encoding": "gzip, deflate", 
    "Connection": "close", 
    "Host": "httpbin.org", 
    "User-Agent": "python-requests/2.20.1"
  }, 
  "origin": "92.238.33.21", 
  "url": "http://httpbin.org/get?key=value&amp;key2=value2"
}
 </msg>
<msg timestamp="20181123 17:01:05.289" level="INFO">To JSON using : pretty_print=False </msg>
<msg timestamp="20181123 17:01:05.289" level="INFO">${jsondata} = {'args': {'key': 'value', 'key2': 'value2'}, 'headers': {'Accept': '*/*', 'Accept-Encoding': 'gzip, deflate', 'Connection': 'close', 'Host': 'httpbin.org', 'User-Agent': 'python-requests/2.20.1'}, 'or...</msg>
<status status="PASS" starttime="20181123 17:01:05.288" endtime="20181123 17:01:05.289"></status>
</kw>
<kw name="Should Be Equal" library="BuiltIn">
<doc>Fails if the given objects are unequal.</doc>
<arguments>
<arg>${jsondata['args']}</arg>
<arg>${params}</arg>
</arguments>
<msg timestamp="20181123 17:01:05.290" level="INFO">Argument types are:
&lt;class 'dict'&gt;
&lt;class 'robot.utils.dotdict.DotDict'&gt;</msg>
<status status="PASS" starttime="20181123 17:01:05.290" endtime="20181123 17:01:05.290"></status>
</kw>
<tags>
<tag>get</tag>
</tags>
<status status="PASS" starttime="20181123 17:01:04.999" endtime="20181123 17:01:05.291" critical="yes"></status>
</test>
<test id="s1-s2-t3" name="Get Requests with Json Data">
<kw name="Create Session" library="RequestsLibrary">
<doc>Create Session: create a HTTP session to a server</doc>
<arguments>
<arg>httpbin</arg>
<arg>http://httpbin.org</arg>
</arguments>
<msg timestamp="20181123 17:01:05.293" level="INFO">Creating Session using : alias=httpbin, url=http://httpbin.org, headers={},                     cookies=None, auth=None, timeout=None, proxies=None, verify=False,                     debug=0 </msg>
<status status="PASS" starttime="20181123 17:01:05.293" endtime="20181123 17:01:05.294"></status>
</kw>
<kw name="Create Dictionary" library="BuiltIn">
<doc>Creates and returns a dictionary based on the given ``items``.</doc>
<arguments>
<arg>latitude=30.496346</arg>
<arg>longitude=-87.640356</arg>
</arguments>
<assign>
<var>&amp;{data}</var>
</assign>
<msg timestamp="20181123 17:01:05.296" level="INFO">&amp;{data} = { latitude=30.496346 | longitude=-87.640356 }</msg>
<status status="PASS" starttime="20181123 17:01:05.295" endtime="20181123 17:01:05.296"></status>
</kw>
<kw name="Get Request" library="RequestsLibrary">
<doc>Send a GET request on the session object found using the</doc>
<arguments>
<arg>httpbin</arg>
<arg>/get</arg>
<arg>json=${data}</arg>
</arguments>
<assign>
<var>${resp}</var>
</assign>
<msg timestamp="20181123 17:01:05.548" level="INFO">Get Request using : alias=httpbin, uri=/get, headers=None json={'latitude': '30.496346', 'longitude': '-87.640356'}</msg>
<msg timestamp="20181123 17:01:05.548" level="INFO">${resp} = &lt;Response [200]&gt;</msg>
<status status="PASS" starttime="20181123 17:01:05.296" endtime="20181123 17:01:05.548"></status>
</kw>
<kw name="Should Be Equal As Strings" library="BuiltIn">
<doc>Fails if objects are unequal after converting them to strings.</doc>
<arguments>
<arg>${resp.status_code}</arg>
<arg>200</arg>
</arguments>
<msg timestamp="20181123 17:01:05.549" level="INFO">Argument types are:
&lt;class 'int'&gt;
&lt;type 'unicode'&gt;</msg>
<status status="PASS" starttime="20181123 17:01:05.549" endtime="20181123 17:01:05.550"></status>
</kw>
<kw name="To Json" library="RequestsLibrary">
<doc>Convert a string to a JSON object</doc>
<arguments>
<arg>${resp.content}</arg>
</arguments>
<assign>
<var>${jsondata}</var>
</assign>
<msg timestamp="20181123 17:01:05.551" level="INFO">To JSON using : content={
  "args": {}, 
  "headers": {
    "Accept": "*/*", 
    "Accept-Encoding": "gzip, deflate", 
    "Connection": "close", 
    "Content-Length": "52", 
    "Content-Type": "application/json", 
    "Host": "httpbin.org", 
    "User-Agent": "python-requests/2.20.1"
  }, 
  "origin": "92.238.33.21", 
  "url": "http://httpbin.org/get"
}
 </msg>
<msg timestamp="20181123 17:01:05.551" level="INFO">To JSON using : pretty_print=False </msg>
<msg timestamp="20181123 17:01:05.551" level="INFO">${jsondata} = {'args': {}, 'headers': {'Accept': '*/*', 'Accept-Encoding': 'gzip, deflate', 'Connection': 'close', 'Content-Length': '52', 'Content-Type': 'application/json', 'Host': 'httpbin.org', 'User-Agent': 'p...</msg>
<status status="PASS" starttime="20181123 17:01:05.550" endtime="20181123 17:01:05.551"></status>
</kw>
<tags>
<tag>get</tag>
</tags>
<status status="PASS" starttime="20181123 17:01:05.291" endtime="20181123 17:01:05.551" critical="yes"></status>
</test>
<test id="s1-s2-t4" name="Get HTTPS &amp; Verify Cert">
<kw name="Create Session" library="RequestsLibrary">
<doc>Create Session: create a HTTP session to a server</doc>
<arguments>
<arg>httpbin</arg>
<arg>https://httpbin.org</arg>
<arg>verify=True</arg>
</arguments>
<msg timestamp="20181123 17:01:05.554" level="INFO">Creating Session using : alias=httpbin, url=https://httpbin.org, headers={},                     cookies=None, auth=None, timeout=None, proxies=None, verify=True,                     debug=0 </msg>
<status status="PASS" starttime="20181123 17:01:05.553" endtime="20181123 17:01:05.555"></status>
</kw>
<kw name="Get Request" library="RequestsLibrary">
<doc>Send a GET request on the session object found using the</doc>
<arguments>
<arg>httpbin</arg>
<arg>/get</arg>
</arguments>
<assign>
<var>${resp}</var>
</assign>
<msg timestamp="20181123 17:01:06.044" level="INFO">Get Request using : alias=httpbin, uri=/get, headers=None json=None</msg>
<msg timestamp="20181123 17:01:06.044" level="INFO">${resp} = &lt;Response [200]&gt;</msg>
<status status="PASS" starttime="20181123 17:01:05.555" endtime="20181123 17:01:06.044"></status>
</kw>
<kw name="Should Be Equal As Strings" library="BuiltIn">
<doc>Fails if objects are unequal after converting them to strings.</doc>
<arguments>
<arg>${resp.status_code}</arg>
<arg>200</arg>
</arguments>
<msg timestamp="20181123 17:01:06.046" level="INFO">Argument types are:
&lt;class 'int'&gt;
&lt;type 'unicode'&gt;</msg>
<status status="PASS" starttime="20181123 17:01:06.045" endtime="20181123 17:01:06.046"></status>
</kw>
<tags>
<tag>get</tag>
<tag>get-cert</tag>
</tags>
<status status="PASS" starttime="20181123 17:01:05.552" endtime="20181123 17:01:06.046" critical="yes"></status>
</test>
<test id="s1-s2-t5" name="Get HTTPS &amp; Verify Cert with a CA bundle">
<kw name="Create Session" library="RequestsLibrary">
<doc>Create Session: create a HTTP session to a server</doc>
<arguments>
<arg>httpbin</arg>
<arg>https://httpbin.org</arg>
<arg>verify=/home/robot/tests${/}cacert.pem</arg>
</arguments>
<msg timestamp="20181123 17:01:06.049" level="INFO">Creating Session using : alias=httpbin, url=https://httpbin.org, headers={},                     cookies=None, auth=None, timeout=None, proxies=None, verify=/home/robot/tests/cacert.pem,                     debug=0 </msg>
<status status="PASS" starttime="20181123 17:01:06.048" endtime="20181123 17:01:06.050"></status>
</kw>
<kw name="Get Request" library="RequestsLibrary">
<doc>Send a GET request on the session object found using the</doc>
<arguments>
<arg>httpbin</arg>
<arg>/get</arg>
</arguments>
<assign>
<var>${resp}</var>
</assign>
<msg timestamp="20181123 17:01:06.548" level="INFO">Get Request using : alias=httpbin, uri=/get, headers=None json=None</msg>
<msg timestamp="20181123 17:01:06.548" level="INFO">${resp} = &lt;Response [200]&gt;</msg>
<status status="PASS" starttime="20181123 17:01:06.050" endtime="20181123 17:01:06.548"></status>
</kw>
<kw name="Should Be Equal As Strings" library="BuiltIn">
<doc>Fails if objects are unequal after converting them to strings.</doc>
<arguments>
<arg>${resp.status_code}</arg>
<arg>200</arg>
</arguments>
<msg timestamp="20181123 17:01:06.549" level="INFO">Argument types are:
&lt;class 'int'&gt;
&lt;type 'unicode'&gt;</msg>
<status status="PASS" starttime="20181123 17:01:06.549" endtime="20181123 17:01:06.550"></status>
</kw>
<tags>
<tag>get</tag>
<tag>get-cert</tag>
</tags>
<status status="PASS" starttime="20181123 17:01:06.047" endtime="20181123 17:01:06.550" critical="yes"></status>
</test>
<test id="s1-s2-t6" name="Get HTTPS with Client Side Certificates">
<kw name="Create List" library="BuiltIn">
<doc>Returns a list containing given items.</doc>
<arguments>
<arg>/home/robot/tests${/}clientcert.pem</arg>
<arg>/home/robot/tests${/}clientkey.pem</arg>
</arguments>
<assign>
<var>@{client_certs}</var>
</assign>
<msg timestamp="20181123 17:01:06.553" level="INFO">@{client_certs} = [ /home/robot/tests/clientcert.pem | /home/robot/tests/clientkey.pem ]</msg>
<status status="PASS" starttime="20181123 17:01:06.552" endtime="20181123 17:01:06.553"></status>
</kw>
<kw name="Create Client Cert Session" library="RequestsLibrary">
<doc>Create Session: create a HTTP session to a server</doc>
<arguments>
<arg>crtsession</arg>
<arg>https://server.cryptomix.com/secure</arg>
<arg>client_certs=@{client_certs}</arg>
</arguments>
<msg timestamp="20181123 17:01:06.554" level="INFO">Creating Session using : alias=crtsession, url=https://server.cryptomix.com/secure, headers={},                     cookies=None, client_certs=['/home/robot/tests/clientcert.pem', '/home/robot/tests/clientkey.pem'], timeout=None, proxies=None, verify=False,                     debug=0 </msg>
<status status="PASS" starttime="20181123 17:01:06.553" endtime="20181123 17:01:06.555"></status>
</kw>
<kw name="Get Request" library="RequestsLibrary">
<doc>Send a GET request on the session object found using the</doc>
<arguments>
<arg>crtsession</arg>
<arg>/</arg>
</arguments>
<assign>
<var>${resp}</var>
</assign>
<msg timestamp="20181123 17:01:06.852" level="INFO">Get Request using : alias=crtsession, uri=/, headers=None json=None</msg>
<msg timestamp="20181123 17:01:06.852" level="INFO">/usr/local/lib/python3.6/site-packages/urllib3/connectionpool.py:847: InsecureRequestWarning: Unverified HTTPS request is being made. Adding certificate verification is strongly advised. See: https://urllib3.readthedocs.io/en/latest/advanced-usage.html#ssl-warnings
  InsecureRequestWarning)</msg>
<msg timestamp="20181123 17:01:06.852" level="INFO">${resp} = &lt;Response [200]&gt;</msg>
<status status="PASS" starttime="20181123 17:01:06.555" endtime="20181123 17:01:06.853"></status>
</kw>
<kw name="Should Be Equal As Strings" library="BuiltIn">
<doc>Fails if objects are unequal after converting them to strings.</doc>
<arguments>
<arg>${resp.status_code}</arg>
<arg>200</arg>
</arguments>
<msg timestamp="20181123 17:01:06.854" level="INFO">Argument types are:
&lt;class 'int'&gt;
&lt;type 'unicode'&gt;</msg>
<status status="PASS" starttime="20181123 17:01:06.853" endtime="20181123 17:01:06.854"></status>
</kw>
<tags>
<tag>get</tag>
<tag>get-cert</tag>
</tags>
<status status="PASS" starttime="20181123 17:01:06.551" endtime="20181123 17:01:06.854" critical="yes"></status>
</test>
<test id="s1-s2-t7" name="Get With Auth">
<kw name="Create List" library="BuiltIn">
<doc>Returns a list containing given items.</doc>
<arguments>
<arg>user</arg>
<arg>passwd</arg>
</arguments>
<assign>
<var>${auth}</var>
</assign>
<msg timestamp="20181123 17:01:06.857" level="INFO">${auth} = ['user', 'passwd']</msg>
<status status="PASS" starttime="20181123 17:01:06.856" endtime="20181123 17:01:06.857"></status>
</kw>
<kw name="Create Session" library="RequestsLibrary">
<doc>Create Session: create a HTTP session to a server</doc>
<arguments>
<arg>httpbin</arg>
<arg>https://httpbin.org</arg>
<arg>auth=${auth}</arg>
<arg>verify=/home/robot/tests${/}cacert.pem</arg>
</arguments>
<msg timestamp="20181123 17:01:06.858" level="INFO">Creating Session using : alias=httpbin, url=https://httpbin.org, headers={},                     cookies=None, auth=&lt;requests.auth.HTTPBasicAuth object at 0x7fa677816cc0&gt;, timeout=None, proxies=None, verify=/home/robot/tests/cacert.pem,                     debug=0 </msg>
<status status="PASS" starttime="20181123 17:01:06.857" endtime="20181123 17:01:06.859"></status>
</kw>
<kw name="Get Request" library="RequestsLibrary">
<doc>Send a GET request on the session object found using the</doc>
<arguments>
<arg>httpbin</arg>
<arg>/basic-auth/user/passwd</arg>
</arguments>
<assign>
<var>${resp}</var>
</assign>
<msg timestamp="20181123 17:01:07.391" level="INFO">Get Request using : alias=httpbin, uri=/basic-auth/user/passwd, headers=None json=None</msg>
<msg timestamp="20181123 17:01:07.392" level="INFO">${resp} = &lt;Response [200]&gt;</msg>
<status status="PASS" starttime="20181123 17:01:06.859" endtime="20181123 17:01:07.392"></status>
</kw>
<kw name="Should Be Equal As Strings" library="BuiltIn">
<doc>Fails if objects are unequal after converting them to strings.</doc>
<arguments>
<arg>${resp.status_code}</arg>
<arg>200</arg>
</arguments>
<msg timestamp="20181123 17:01:07.393" level="INFO">Argument types are:
&lt;class 'int'&gt;
&lt;type 'unicode'&gt;</msg>
<status status="PASS" starttime="20181123 17:01:07.392" endtime="20181123 17:01:07.394"></status>
</kw>
<kw name="Should Be Equal As Strings" library="BuiltIn">
<doc>Fails if objects are unequal after converting them to strings.</doc>
<arguments>
<arg>${resp.json()['authenticated']}</arg>
<arg>True</arg>
</arguments>
<msg timestamp="20181123 17:01:07.395" level="INFO">Argument types are:
&lt;class 'bool'&gt;
&lt;type 'unicode'&gt;</msg>
<status status="PASS" starttime="20181123 17:01:07.394" endtime="20181123 17:01:07.395"></status>
</kw>
<tags>
<tag>get</tag>
<tag>get-cert</tag>
</tags>
<status status="PASS" starttime="20181123 17:01:06.855" endtime="20181123 17:01:07.395" critical="yes"></status>
</test>
<test id="s1-s2-t8" name="Get With Custom Auth">
<kw name="Get Custom Auth" library="customAuthenticator">
<arguments>
<arg>user</arg>
<arg>passwd</arg>
</arguments>
<assign>
<var>${auth}</var>
</assign>
<msg timestamp="20181123 17:01:07.397" level="INFO">${auth} = &lt;requests.auth.HTTPBasicAuth object at 0x7fa677832a90&gt;</msg>
<status status="PASS" starttime="20181123 17:01:07.397" endtime="20181123 17:01:07.397"></status>
</kw>
<kw name="Create Custom Session" library="RequestsLibrary">
<doc>Create Session: create a HTTP session to a server</doc>
<arguments>
<arg>httpbin</arg>
<arg>https://httpbin.org</arg>
<arg>auth=${auth}</arg>
<arg>verify=/home/robot/tests${/}cacert.pem</arg>
</arguments>
<msg timestamp="20181123 17:01:07.399" level="INFO">Creating Custom Authenticated Session using : alias=httpbin, url=https://httpbin.org, headers={},                     cookies=None, auth=&lt;requests.auth.HTTPBasicAuth object at 0x7fa677832a90&gt;, timeout=None, proxies=None, verify=/home/robot/tests/cacert.pem,                     debug=0 </msg>
<status status="PASS" starttime="20181123 17:01:07.398" endtime="20181123 17:01:07.399"></status>
</kw>
<kw name="Get Request" library="RequestsLibrary">
<doc>Send a GET request on the session object found using the</doc>
<arguments>
<arg>httpbin</arg>
<arg>/basic-auth/user/passwd</arg>
</arguments>
<assign>
<var>${resp}</var>
</assign>
<msg timestamp="20181123 17:01:07.903" level="INFO">Get Request using : alias=httpbin, uri=/basic-auth/user/passwd, headers=None json=None</msg>
<msg timestamp="20181123 17:01:07.903" level="INFO">${resp} = &lt;Response [200]&gt;</msg>
<status status="PASS" starttime="20181123 17:01:07.400" endtime="20181123 17:01:07.903"></status>
</kw>
<kw name="Should Be Equal As Strings" library="BuiltIn">
<doc>Fails if objects are unequal after converting them to strings.</doc>
<arguments>
<arg>${resp.status_code}</arg>
<arg>200</arg>
</arguments>
<msg timestamp="20181123 17:01:07.904" level="INFO">Argument types are:
&lt;class 'int'&gt;
&lt;type 'unicode'&gt;</msg>
<status status="PASS" starttime="20181123 17:01:07.904" endtime="20181123 17:01:07.905"></status>
</kw>
<kw name="Should Be Equal As Strings" library="BuiltIn">
<doc>Fails if objects are unequal after converting them to strings.</doc>
<arguments>
<arg>${resp.json()['authenticated']}</arg>
<arg>True</arg>
</arguments>
<msg timestamp="20181123 17:01:07.906" level="INFO">Argument types are:
&lt;class 'bool'&gt;
&lt;type 'unicode'&gt;</msg>
<status status="PASS" starttime="20181123 17:01:07.905" endtime="20181123 17:01:07.906"></status>
</kw>
<tags>
<tag>get</tag>
</tags>
<status status="PASS" starttime="20181123 17:01:07.396" endtime="20181123 17:01:07.906" critical="yes"></status>
</test>
<test id="s1-s2-t9" name="Get With Digest Auth">
<kw name="Create List" library="BuiltIn">
<doc>Returns a list containing given items.</doc>
<arguments>
<arg>user</arg>
<arg>pass</arg>
</arguments>
<assign>
<var>${auth}</var>
</assign>
<msg timestamp="20181123 17:01:07.909" level="INFO">${auth} = ['user', 'pass']</msg>
<status status="PASS" starttime="20181123 17:01:07.908" endtime="20181123 17:01:07.909"></status>
</kw>
<kw name="Create Digest Session" library="RequestsLibrary">
<doc>Create Session: create a HTTP session to a server</doc>
<arguments>
<arg>httpbin</arg>
<arg>https://httpbin.org</arg>
<arg>auth=${auth}</arg>
<arg>debug=3</arg>
<arg>verify=/home/robot/tests${/}cacert.pem</arg>
</arguments>
<status status="PASS" starttime="20181123 17:01:07.909" endtime="20181123 17:01:07.911"></status>
</kw>
<kw name="Get Request" library="RequestsLibrary">
<doc>Send a GET request on the session object found using the</doc>
<arguments>
<arg>httpbin</arg>
<arg>/digest-auth/auth/user/pass</arg>
</arguments>
<assign>
<var>${resp}</var>
</assign>
<msg timestamp="20181123 17:01:08.623" level="INFO">Get Request using : alias=httpbin, uri=/digest-auth/auth/user/pass, headers=None json=None</msg>
<msg timestamp="20181123 17:01:08.623" level="INFO">${resp} = &lt;Response [200]&gt;</msg>
<status status="PASS" starttime="20181123 17:01:07.911" endtime="20181123 17:01:08.623"></status>
</kw>
<kw name="Should Be Equal As Strings" library="BuiltIn">
<doc>Fails if objects are unequal after converting them to strings.</doc>
<arguments>
<arg>${resp.status_code}</arg>
<arg>200</arg>
</arguments>
<msg timestamp="20181123 17:01:08.624" level="INFO">Argument types are:
&lt;class 'int'&gt;
&lt;type 'unicode'&gt;</msg>
<status status="PASS" starttime="20181123 17:01:08.624" endtime="20181123 17:01:08.625"></status>
</kw>
<kw name="Should Be Equal As Strings" library="BuiltIn">
<doc>Fails if objects are unequal after converting them to strings.</doc>
<arguments>
<arg>${resp.json()['authenticated']}</arg>
<arg>True</arg>
</arguments>
<msg timestamp="20181123 17:01:08.625" level="INFO">Argument types are:
&lt;class 'bool'&gt;
&lt;type 'unicode'&gt;</msg>
<status status="PASS" starttime="20181123 17:01:08.625" endtime="20181123 17:01:08.626"></status>
</kw>
<tags>
<tag>get</tag>
<tag>get-cert</tag>
</tags>
<status status="PASS" starttime="20181123 17:01:07.907" endtime="20181123 17:01:08.626" critical="yes"></status>
</test>
<test id="s1-s2-t10" name="Post Request With URL Params">
<kw name="Create Session" library="RequestsLibrary">
<doc>Create Session: create a HTTP session to a server</doc>
<arguments>
<arg>httpbin</arg>
<arg>http://httpbin.org</arg>
</arguments>
<msg timestamp="20181123 17:01:08.629" level="INFO">Creating Session using : alias=httpbin, url=http://httpbin.org, headers={},                     cookies=None, auth=None, timeout=None, proxies=None, verify=False,                     debug=0 </msg>
<status status="PASS" starttime="20181123 17:01:08.628" endtime="20181123 17:01:08.630"></status>
</kw>
<kw name="Create Dictionary" library="BuiltIn">
<doc>Creates and returns a dictionary based on the given ``items``.</doc>
<arguments>
<arg>key=value</arg>
<arg>key2=value2</arg>
</arguments>
<assign>
<var>&amp;{params}</var>
</assign>
<msg timestamp="20181123 17:01:08.631" level="INFO">&amp;{params} = { key=value | key2=value2 }</msg>
<status status="PASS" starttime="20181123 17:01:08.630" endtime="20181123 17:01:08.631"></status>
</kw>
<kw name="Post Request" library="RequestsLibrary">
<doc>Send a POST request on the session object found using the</doc>
<arguments>
<arg>httpbin</arg>
<arg>/post</arg>
<arg>params=${params}</arg>
</arguments>
<assign>
<var>${resp}</var>
</assign>
<msg timestamp="20181123 17:01:08.907" level="INFO">Post Request using : alias=httpbin, uri=/post, data=&lt;empty&gt;, headers=None, files=None, allow_redirects=True </msg>
<msg timestamp="20181123 17:01:08.908" level="INFO">${resp} = &lt;Response [200]&gt;</msg>
<status status="PASS" starttime="20181123 17:01:08.631" endtime="20181123 17:01:08.908"></status>
</kw>
<kw name="Should Be Equal As Strings" library="BuiltIn">
<doc>Fails if objects are unequal after converting them to strings.</doc>
<arguments>
<arg>${resp.status_code}</arg>
<arg>200</arg>
</arguments>
<msg timestamp="20181123 17:01:08.909" level="INFO">Argument types are:
&lt;class 'int'&gt;
&lt;type 'unicode'&gt;</msg>
<status status="PASS" starttime="20181123 17:01:08.908" endtime="20181123 17:01:08.909"></status>
</kw>
<tags>
<tag>post</tag>
</tags>
<status status="PASS" starttime="20181123 17:01:08.627" endtime="20181123 17:01:08.910" critical="yes"></status>
</test>
<test id="s1-s2-t11" name="Post Requests with Json Data">
<kw name="Create Session" library="RequestsLibrary">
<doc>Create Session: create a HTTP session to a server</doc>
<arguments>
<arg>httpbin</arg>
<arg>http://httpbin.org</arg>
</arguments>
<msg timestamp="20181123 17:01:08.912" level="INFO">Creating Session using : alias=httpbin, url=http://httpbin.org, headers={},                     cookies=None, auth=None, timeout=None, proxies=None, verify=False,                     debug=0 </msg>
<status status="PASS" starttime="20181123 17:01:08.911" endtime="20181123 17:01:08.913"></status>
</kw>
<kw name="Create Dictionary" library="BuiltIn">
<doc>Creates and returns a dictionary based on the given ``items``.</doc>
<arguments>
<arg>latitude=30.496346</arg>
<arg>longitude=-87.640356</arg>
</arguments>
<assign>
<var>&amp;{data}</var>
</assign>
<msg timestamp="20181123 17:01:08.914" level="INFO">&amp;{data} = { latitude=30.496346 | longitude=-87.640356 }</msg>
<status status="PASS" starttime="20181123 17:01:08.913" endtime="20181123 17:01:08.914"></status>
</kw>
<kw name="Post Request" library="RequestsLibrary">
<doc>Send a POST request on the session object found using the</doc>
<arguments>
<arg>httpbin</arg>
<arg>/post</arg>
<arg>json=${data}</arg>
</arguments>
<assign>
<var>${resp}</var>
</assign>
<msg timestamp="20181123 17:01:09.162" level="INFO">Post Request using : alias=httpbin, uri=/post, data=&lt;empty&gt;, headers=None, files=None, allow_redirects=True </msg>
<msg timestamp="20181123 17:01:09.163" level="INFO">${resp} = &lt;Response [200]&gt;</msg>
<status status="PASS" starttime="20181123 17:01:08.914" endtime="20181123 17:01:09.163"></status>
</kw>
<kw name="Should Be Equal As Strings" library="BuiltIn">
<doc>Fails if objects are unequal after converting them to strings.</doc>
<arguments>
<arg>${resp.status_code}</arg>
<arg>200</arg>
</arguments>
<msg timestamp="20181123 17:01:09.164" level="INFO">Argument types are:
&lt;class 'int'&gt;
&lt;type 'unicode'&gt;</msg>
<status status="PASS" starttime="20181123 17:01:09.163" endtime="20181123 17:01:09.164"></status>
</kw>
<kw name="To Json" library="RequestsLibrary">
<doc>Convert a string to a JSON object</doc>
<arguments>
<arg>${resp.content}</arg>
</arguments>
<assign>
<var>${jsondata}</var>
</assign>
<msg timestamp="20181123 17:01:09.165" level="INFO">To JSON using : content={
  "args": {}, 
  "data": "{\"latitude\": \"30.496346\", \"longitude\": \"-87.640356\"}", 
  "files": {}, 
  "form": {}, 
  "headers": {
    "Accept": "*/*", 
    "Accept-Encoding": "gzip, deflate", 
    "Connection": "close", 
    "Content-Length": "52", 
    "Content-Type": "application/json", 
    "Host": "httpbin.org", 
    "User-Agent": "python-requests/2.20.1"
  }, 
  "json": {
    "latitude": "30.496346", 
    "longitude": "-87.640356"
  }, 
  "origin": "92.238.33.21", 
  "url": "http://httpbin.org/post"
}
 </msg>
<msg timestamp="20181123 17:01:09.165" level="INFO">To JSON using : pretty_print=False </msg>
<msg timestamp="20181123 17:01:09.166" level="INFO">${jsondata} = {'args': {}, 'data': '{"latitude": "30.496346", "longitude": "-87.640356"}', 'files': {}, 'form': {}, 'headers': {'Accept': '*/*', 'Accept-Encoding': 'gzip, deflate', 'Connection': 'close', 'Content-L...</msg>
<status status="PASS" starttime="20181123 17:01:09.164" endtime="20181123 17:01:09.166"></status>
</kw>
<kw name="Should Be Equal" library="BuiltIn">
<doc>Fails if the given objects are unequal.</doc>
<arguments>
<arg>${jsondata['json']}</arg>
<arg>${data}</arg>
</arguments>
<msg timestamp="20181123 17:01:09.167" level="INFO">Argument types are:
&lt;class 'dict'&gt;
&lt;class 'robot.utils.dotdict.DotDict'&gt;</msg>
<status status="PASS" starttime="20181123 17:01:09.166" endtime="20181123 17:01:09.167"></status>
</kw>
<tags>
<tag>post</tag>
</tags>
<status status="PASS" starttime="20181123 17:01:08.910" endtime="20181123 17:01:09.168" critical="yes"></status>
</test>
<test id="s1-s2-t12" name="Put Requests with Json Data">
<kw name="Create Session" library="RequestsLibrary">
<doc>Create Session: create a HTTP session to a server</doc>
<arguments>
<arg>httpbin</arg>
<arg>http://httpbin.org</arg>
</arguments>
<msg timestamp="20181123 17:01:09.170" level="INFO">Creating Session using : alias=httpbin, url=http://httpbin.org, headers={},                     cookies=None, auth=None, timeout=None, proxies=None, verify=False,                     debug=0 </msg>
<status status="PASS" starttime="20181123 17:01:09.170" endtime="20181123 17:01:09.171"></status>
</kw>
<kw name="Create Dictionary" library="BuiltIn">
<doc>Creates and returns a dictionary based on the given ``items``.</doc>
<arguments>
<arg>latitude=30.496346</arg>
<arg>longitude=-87.640356</arg>
</arguments>
<assign>
<var>&amp;{data}</var>
</assign>
<msg timestamp="20181123 17:01:09.172" level="INFO">&amp;{data} = { latitude=30.496346 | longitude=-87.640356 }</msg>
<status status="PASS" starttime="20181123 17:01:09.171" endtime="20181123 17:01:09.172"></status>
</kw>
<kw name="Put Request" library="RequestsLibrary">
<doc>Send a PUT request on the session object found using the</doc>
<arguments>
<arg>httpbin</arg>
<arg>/put</arg>
<arg>json=${data}</arg>
</arguments>
<assign>
<var>${resp}</var>
</assign>
<msg timestamp="20181123 17:01:09.433" level="INFO">Put Request using : alias=httpbin, uri=/put, data=None,                     headers=None, allow_redirects=True </msg>
<msg timestamp="20181123 17:01:09.433" level="INFO">${resp} = &lt;Response [200]&gt;</msg>
<status status="PASS" starttime="20181123 17:01:09.173" endtime="20181123 17:01:09.433"></status>
</kw>
<kw name="Should Be Equal As Strings" library="BuiltIn">
<doc>Fails if objects are unequal after converting them to strings.</doc>
<arguments>
<arg>${resp.status_code}</arg>
<arg>200</arg>
</arguments>
<msg timestamp="20181123 17:01:09.434" level="INFO">Argument types are:
&lt;class 'int'&gt;
&lt;type 'unicode'&gt;</msg>
<status status="PASS" starttime="20181123 17:01:09.433" endtime="20181123 17:01:09.434"></status>
</kw>
<kw name="To Json" library="RequestsLibrary">
<doc>Convert a string to a JSON object</doc>
<arguments>
<arg>${resp.content}</arg>
</arguments>
<assign>
<var>${jsondata}</var>
</assign>
<msg timestamp="20181123 17:01:09.435" level="INFO">To JSON using : content={
  "args": {}, 
  "data": "{\"latitude\": \"30.496346\", \"longitude\": \"-87.640356\"}", 
  "files": {}, 
  "form": {}, 
  "headers": {
    "Accept": "*/*", 
    "Accept-Encoding": "gzip, deflate", 
    "Connection": "close", 
    "Content-Length": "52", 
    "Content-Type": "application/json", 
    "Host": "httpbin.org", 
    "User-Agent": "python-requests/2.20.1"
  }, 
  "json": {
    "latitude": "30.496346", 
    "longitude": "-87.640356"
  }, 
  "origin": "92.238.33.21", 
  "url": "http://httpbin.org/put"
}
 </msg>
<msg timestamp="20181123 17:01:09.436" level="INFO">To JSON using : pretty_print=False </msg>
<msg timestamp="20181123 17:01:09.436" level="INFO">${jsondata} = {'args': {}, 'data': '{"latitude": "30.496346", "longitude": "-87.640356"}', 'files': {}, 'form': {}, 'headers': {'Accept': '*/*', 'Accept-Encoding': 'gzip, deflate', 'Connection': 'close', 'Content-L...</msg>
<status status="PASS" starttime="20181123 17:01:09.435" endtime="20181123 17:01:09.436"></status>
</kw>
<kw name="Should Be Equal" library="BuiltIn">
<doc>Fails if the given objects are unequal.</doc>
<arguments>
<arg>${jsondata['json']}</arg>
<arg>${data}</arg>
</arguments>
<msg timestamp="20181123 17:01:09.437" level="INFO">Argument types are:
&lt;class 'dict'&gt;
&lt;class 'robot.utils.dotdict.DotDict'&gt;</msg>
<status status="PASS" starttime="20181123 17:01:09.436" endtime="20181123 17:01:09.437"></status>
</kw>
<tags>
<tag>put</tag>
</tags>
<status status="PASS" starttime="20181123 17:01:09.168" endtime="20181123 17:01:09.438" critical="yes"></status>
</test>
<test id="s1-s2-t13" name="Post Request With No Data">
<kw name="Create Session" library="RequestsLibrary">
<doc>Create Session: create a HTTP session to a server</doc>
<arguments>
<arg>httpbin</arg>
<arg>http://httpbin.org</arg>
</arguments>
<msg timestamp="20181123 17:01:09.440" level="INFO">Creating Session using : alias=httpbin, url=http://httpbin.org, headers={},                     cookies=None, auth=None, timeout=None, proxies=None, verify=False,                     debug=0 </msg>
<status status="PASS" starttime="20181123 17:01:09.440" endtime="20181123 17:01:09.441"></status>
</kw>
<kw name="Post Request" library="RequestsLibrary">
<doc>Send a POST request on the session object found using the</doc>
<arguments>
<arg>httpbin</arg>
<arg>/post</arg>
</arguments>
<assign>
<var>${resp}</var>
</assign>
<msg timestamp="20181123 17:01:09.698" level="INFO">Post Request using : alias=httpbin, uri=/post, data=&lt;empty&gt;, headers=None, files=None, allow_redirects=True </msg>
<msg timestamp="20181123 17:01:09.698" level="INFO">${resp} = &lt;Response [200]&gt;</msg>
<status status="PASS" starttime="20181123 17:01:09.441" endtime="20181123 17:01:09.698"></status>
</kw>
<kw name="Should Be Equal As Strings" library="BuiltIn">
<doc>Fails if objects are unequal after converting them to strings.</doc>
<arguments>
<arg>${resp.status_code}</arg>
<arg>200</arg>
</arguments>
<msg timestamp="20181123 17:01:09.699" level="INFO">Argument types are:
&lt;class 'int'&gt;
&lt;type 'unicode'&gt;</msg>
<status status="PASS" starttime="20181123 17:01:09.699" endtime="20181123 17:01:09.700"></status>
</kw>
<tags>
<tag>post</tag>
</tags>
<status status="PASS" starttime="20181123 17:01:09.439" endtime="20181123 17:01:09.700" critical="yes"></status>
</test>
<test id="s1-s2-t14" name="Put Request With No Data">
<kw name="Create Session" library="RequestsLibrary">
<doc>Create Session: create a HTTP session to a server</doc>
<arguments>
<arg>httpbin</arg>
<arg>http://httpbin.org</arg>
</arguments>
<msg timestamp="20181123 17:01:09.703" level="INFO">Creating Session using : alias=httpbin, url=http://httpbin.org, headers={},                     cookies=None, auth=None, timeout=None, proxies=None, verify=False,                     debug=0 </msg>
<status status="PASS" starttime="20181123 17:01:09.702" endtime="20181123 17:01:09.704"></status>
</kw>
<kw name="Put Request" library="RequestsLibrary">
<doc>Send a PUT request on the session object found using the</doc>
<arguments>
<arg>httpbin</arg>
<arg>/put</arg>
</arguments>
<assign>
<var>${resp}</var>
</assign>
<msg timestamp="20181123 17:01:09.948" level="INFO">Put Request using : alias=httpbin, uri=/put, data=None,                     headers=None, allow_redirects=True </msg>
<msg timestamp="20181123 17:01:09.948" level="INFO">${resp} = &lt;Response [200]&gt;</msg>
<status status="PASS" starttime="20181123 17:01:09.704" endtime="20181123 17:01:09.948"></status>
</kw>
<kw name="Should Be Equal As Strings" library="BuiltIn">
<doc>Fails if objects are unequal after converting them to strings.</doc>
<arguments>
<arg>${resp.status_code}</arg>
<arg>200</arg>
</arguments>
<msg timestamp="20181123 17:01:09.949" level="INFO">Argument types are:
&lt;class 'int'&gt;
&lt;type 'unicode'&gt;</msg>
<status status="PASS" starttime="20181123 17:01:09.949" endtime="20181123 17:01:09.950"></status>
</kw>
<tags>
<tag>put</tag>
</tags>
<status status="PASS" starttime="20181123 17:01:09.701" endtime="20181123 17:01:09.950" critical="yes"></status>
</test>
<test id="s1-s2-t15" name="Post Request With No Dictionary">
<kw name="Create Session" library="RequestsLibrary">
<doc>Create Session: create a HTTP session to a server</doc>
<arguments>
<arg>httpbin</arg>
<arg>http://httpbin.org</arg>
<arg>debug=3</arg>
</arguments>
<msg timestamp="20181123 17:01:09.953" level="INFO">Creating Session using : alias=httpbin, url=http://httpbin.org, headers={},                     cookies=None, auth=None, timeout=None, proxies=None, verify=False,                     debug=3 </msg>
<status status="PASS" starttime="20181123 17:01:09.952" endtime="20181123 17:01:09.954"></status>
</kw>
<kw name="Set Test Variable" library="BuiltIn">
<doc>Makes a variable available everywhere within the scope of the current test.</doc>
<arguments>
<arg>${data}</arg>
<arg>some content</arg>
</arguments>
<msg timestamp="20181123 17:01:09.956" level="INFO">${data} = some content</msg>
<status status="PASS" starttime="20181123 17:01:09.954" endtime="20181123 17:01:09.956"></status>
</kw>
<kw name="Post Request" library="RequestsLibrary">
<doc>Send a POST request on the session object found using the</doc>
<arguments>
<arg>httpbin</arg>
<arg>/post</arg>
<arg>data=${data}</arg>
</arguments>
<assign>
<var>${resp}</var>
</assign>
<msg timestamp="20181123 17:01:10.210" level="INFO">Post Request using : alias=httpbin, uri=/post, data=&lt;empty&gt;, headers=None, files=None, allow_redirects=True </msg>
<msg timestamp="20181123 17:01:10.211" level="INFO">${resp} = &lt;Response [200]&gt;</msg>
<status status="PASS" starttime="20181123 17:01:09.956" endtime="20181123 17:01:10.211"></status>
</kw>
<kw name="Should Be Equal As Strings" library="BuiltIn">
<doc>Fails if objects are unequal after converting them to strings.</doc>
<arguments>
<arg>${resp.status_code}</arg>
<arg>200</arg>
</arguments>
<msg timestamp="20181123 17:01:10.212" level="INFO">Argument types are:
&lt;class 'int'&gt;
&lt;type 'unicode'&gt;</msg>
<status status="PASS" starttime="20181123 17:01:10.211" endtime="20181123 17:01:10.212"></status>
</kw>
<kw name="Should Contain" library="BuiltIn">
<doc>Fails if ``container`` does not contain ``item`` one or more times.</doc>
<arguments>
<arg>${resp.text}</arg>
<arg>${data}</arg>
</arguments>
<status status="PASS" starttime="20181123 17:01:10.212" endtime="20181123 17:01:10.213"></status>
</kw>
<tags>
<tag>post</tag>
</tags>
<status status="PASS" starttime="20181123 17:01:09.951" endtime="20181123 17:01:10.213" critical="yes"></status>
</test>
<test id="s1-s2-t16" name="Put Request With URL Params">
<kw name="Create Session" library="RequestsLibrary">
<doc>Create Session: create a HTTP session to a server</doc>
<arguments>
<arg>httpbin</arg>
<arg>http://httpbin.org</arg>
</arguments>
<msg timestamp="20181123 17:01:10.214" level="INFO">Creating Session using : alias=httpbin, url=http://httpbin.org, headers={},                     cookies=None, auth=None, timeout=None, proxies=None, verify=False,                     debug=0 </msg>
<status status="PASS" starttime="20181123 17:01:10.214" endtime="20181123 17:01:10.214"></status>
</kw>
<kw name="Create Dictionary" library="BuiltIn">
<doc>Creates and returns a dictionary based on the given ``items``.</doc>
<arguments>
<arg>key=value</arg>
<arg>key2=value2</arg>
</arguments>
<assign>
<var>&amp;{params}</var>
</assign>
<msg timestamp="20181123 17:01:10.215" level="INFO">&amp;{params} = { key=value | key2=value2 }</msg>
<status status="PASS" starttime="20181123 17:01:10.214" endtime="20181123 17:01:10.215"></status>
</kw>
<kw name="Put Request" library="RequestsLibrary">
<doc>Send a PUT request on the session object found using the</doc>
<arguments>
<arg>httpbin</arg>
<arg>/put</arg>
<arg>params=${params}</arg>
</arguments>
<assign>
<var>${resp}</var>
</assign>
<msg timestamp="20181123 17:01:10.489" level="INFO">Put Request using : alias=httpbin, uri=/put, data=None,                     headers=None, allow_redirects=True </msg>
<msg timestamp="20181123 17:01:10.489" level="INFO">${resp} = &lt;Response [200]&gt;</msg>
<status status="PASS" starttime="20181123 17:01:10.215" endtime="20181123 17:01:10.489"></status>
</kw>
<kw name="Should Be Equal As Strings" library="BuiltIn">
<doc>Fails if objects are unequal after converting them to strings.</doc>
<arguments>
<arg>${resp.status_code}</arg>
<arg>200</arg>
</arguments>
<msg timestamp="20181123 17:01:10.490" level="INFO">Argument types are:
&lt;class 'int'&gt;
&lt;type 'unicode'&gt;</msg>
<status status="PASS" starttime="20181123 17:01:10.490" endtime="20181123 17:01:10.490"></status>
</kw>
<tags>
<tag>put</tag>
</tags>
<status status="PASS" starttime="20181123 17:01:10.213" endtime="20181123 17:01:10.491" critical="yes"></status>
</test>
<test id="s1-s2-t17" name="Put Request With No Dictionary">
<kw name="Create Session" library="RequestsLibrary">
<doc>Create Session: create a HTTP session to a server</doc>
<arguments>
<arg>httpbin</arg>
<arg>http://httpbin.org</arg>
</arguments>
<msg timestamp="20181123 17:01:10.493" level="INFO">Creating Session using : alias=httpbin, url=http://httpbin.org, headers={},                     cookies=None, auth=None, timeout=None, proxies=None, verify=False,                     debug=0 </msg>
<status status="PASS" starttime="20181123 17:01:10.492" endtime="20181123 17:01:10.493"></status>
</kw>
<kw name="Set Test Variable" library="BuiltIn">
<doc>Makes a variable available everywhere within the scope of the current test.</doc>
<arguments>
<arg>${data}</arg>
<arg>some content</arg>
</arguments>
<msg timestamp="20181123 17:01:10.495" level="INFO">${data} = some content</msg>
<status status="PASS" starttime="20181123 17:01:10.494" endtime="20181123 17:01:10.495"></status>
</kw>
<kw name="Put Request" library="RequestsLibrary">
<doc>Send a PUT request on the session object found using the</doc>
<arguments>
<arg>httpbin</arg>
<arg>/put</arg>
<arg>data=${data}</arg>
</arguments>
<assign>
<var>${resp}</var>
</assign>
<msg timestamp="20181123 17:01:10.735" level="INFO">Put Request using : alias=httpbin, uri=/put, data=some content,                     headers=None, allow_redirects=True </msg>
<msg timestamp="20181123 17:01:10.735" level="INFO">${resp} = &lt;Response [200]&gt;</msg>
<status status="PASS" starttime="20181123 17:01:10.495" endtime="20181123 17:01:10.735"></status>
</kw>
<kw name="Should Be Equal As Strings" library="BuiltIn">
<doc>Fails if objects are unequal after converting them to strings.</doc>
<arguments>
<arg>${resp.status_code}</arg>
<arg>200</arg>
</arguments>
<msg timestamp="20181123 17:01:10.736" level="INFO">Argument types are:
&lt;class 'int'&gt;
&lt;type 'unicode'&gt;</msg>
<status status="PASS" starttime="20181123 17:01:10.735" endtime="20181123 17:01:10.736"></status>
</kw>
<kw name="Should Contain" library="BuiltIn">
<doc>Fails if ``container`` does not contain ``item`` one or more times.</doc>
<arguments>
<arg>${resp.text}</arg>
<arg>${data}</arg>
</arguments>
<status status="PASS" starttime="20181123 17:01:10.736" endtime="20181123 17:01:10.737"></status>
</kw>
<tags>
<tag>put</tag>
</tags>
<status status="PASS" starttime="20181123 17:01:10.491" endtime="20181123 17:01:10.737" critical="yes"></status>
</test>
<test id="s1-s2-t18" name="Post Requests">
<kw name="Create Session" library="RequestsLibrary">
<doc>Create Session: create a HTTP session to a server</doc>
<arguments>
<arg>httpbin</arg>
<arg>http://httpbin.org</arg>
</arguments>
<msg timestamp="20181123 17:01:10.739" level="INFO">Creating Session using : alias=httpbin, url=http://httpbin.org, headers={},                     cookies=None, auth=None, timeout=None, proxies=None, verify=False,                     debug=0 </msg>
<status status="PASS" starttime="20181123 17:01:10.739" endtime="20181123 17:01:10.740"></status>
</kw>
<kw name="Create Dictionary" library="BuiltIn">
<doc>Creates and returns a dictionary based on the given ``items``.</doc>
<arguments>
<arg>name=bulkan</arg>
<arg>surname=evcimen</arg>
</arguments>
<assign>
<var>&amp;{data}</var>
</assign>
<msg timestamp="20181123 17:01:10.741" level="INFO">&amp;{data} = { name=bulkan | surname=evcimen }</msg>
<status status="PASS" starttime="20181123 17:01:10.740" endtime="20181123 17:01:10.741"></status>
</kw>
<kw name="Create Dictionary" library="BuiltIn">
<doc>Creates and returns a dictionary based on the given ``items``.</doc>
<arguments>
<arg>Content-Type=application/x-www-form-urlencoded</arg>
</arguments>
<assign>
<var>&amp;{headers}</var>
</assign>
<msg timestamp="20181123 17:01:10.743" level="INFO">&amp;{headers} = { Content-Type=application/x-www-form-urlencoded }</msg>
<status status="PASS" starttime="20181123 17:01:10.742" endtime="20181123 17:01:10.743"></status>
</kw>
<kw name="Post Request" library="RequestsLibrary">
<doc>Send a POST request on the session object found using the</doc>
<arguments>
<arg>httpbin</arg>
<arg>/post</arg>
<arg>data=${data}</arg>
<arg>headers=${headers}</arg>
</arguments>
<assign>
<var>${resp}</var>
</assign>
<msg timestamp="20181123 17:01:10.997" level="INFO">Post Request using : alias=httpbin, uri=/post, data=name=bulkan&amp;surname=evcimen, headers={'Content-Type': 'application/x-www-form-urlencoded'}, files=None, allow_redirects=True </msg>
<msg timestamp="20181123 17:01:10.997" level="INFO">${resp} = &lt;Response [200]&gt;</msg>
<status status="PASS" starttime="20181123 17:01:10.743" endtime="20181123 17:01:10.997"></status>
</kw>
<kw name="Dictionary Should Contain Value" library="Collections">
<doc>Fails if ``value`` is not found from ``dictionary``.</doc>
<arguments>
<arg>${resp.json()['form']}</arg>
<arg>bulkan</arg>
</arguments>
<status status="PASS" starttime="20181123 17:01:10.997" endtime="20181123 17:01:10.998"></status>
</kw>
<kw name="Dictionary Should Contain Value" library="Collections">
<doc>Fails if ``value`` is not found from ``dictionary``.</doc>
<arguments>
<arg>${resp.json()['form']}</arg>
<arg>evcimen</arg>
</arguments>
<status status="PASS" starttime="20181123 17:01:10.999" endtime="20181123 17:01:11.000"></status>
</kw>
<tags>
<tag>post</tag>
</tags>
<status status="PASS" starttime="20181123 17:01:10.738" endtime="20181123 17:01:11.000" critical="yes"></status>
</test>
<test id="s1-s2-t19" name="Post With Unicode Data">
<kw name="Create Session" library="RequestsLibrary">
<doc>Create Session: create a HTTP session to a server</doc>
<arguments>
<arg>httpbin</arg>
<arg>http://httpbin.org</arg>
<arg>debug=3</arg>
</arguments>
<msg timestamp="20181123 17:01:11.003" level="INFO">Creating Session using : alias=httpbin, url=http://httpbin.org, headers={},                     cookies=None, auth=None, timeout=None, proxies=None, verify=False,                     debug=3 </msg>
<status status="PASS" starttime="20181123 17:01:11.002" endtime="20181123 17:01:11.003"></status>
</kw>
<kw name="Create Dictionary" library="BuiltIn">
<doc>Creates and returns a dictionary based on the given ``items``.</doc>
<arguments>
<arg>name=度假村</arg>
</arguments>
<assign>
<var>&amp;{data}</var>
</assign>
<msg timestamp="20181123 17:01:11.005" level="INFO">&amp;{data} = { name=度假村 }</msg>
<status status="PASS" starttime="20181123 17:01:11.004" endtime="20181123 17:01:11.005"></status>
</kw>
<kw name="Create Dictionary" library="BuiltIn">
<doc>Creates and returns a dictionary based on the given ``items``.</doc>
<arguments>
<arg>Content-Type=application/x-www-form-urlencoded</arg>
</arguments>
<assign>
<var>&amp;{headers}</var>
</assign>
<msg timestamp="20181123 17:01:11.007" level="INFO">&amp;{headers} = { Content-Type=application/x-www-form-urlencoded }</msg>
<status status="PASS" starttime="20181123 17:01:11.006" endtime="20181123 17:01:11.007"></status>
</kw>
<kw name="Post Request" library="RequestsLibrary">
<doc>Send a POST request on the session object found using the</doc>
<arguments>
<arg>httpbin</arg>
<arg>/post</arg>
<arg>data=${data}</arg>
<arg>headers=${headers}</arg>
</arguments>
<assign>
<var>${resp}</var>
</assign>
<msg timestamp="20181123 17:01:11.274" level="INFO">Post Request using : alias=httpbin, uri=/post, data=name=%E5%BA%A6%E5%81%87%E6%9D%91, headers={'Content-Type': 'application/x-www-form-urlencoded'}, files=None, allow_redirects=True </msg>
<msg timestamp="20181123 17:01:11.274" level="INFO">${resp} = &lt;Response [200]&gt;</msg>
<status status="PASS" starttime="20181123 17:01:11.007" endtime="20181123 17:01:11.274"></status>
</kw>
<kw name="Dictionary Should Contain Value" library="Collections">
<doc>Fails if ``value`` is not found from ``dictionary``.</doc>
<arguments>
<arg>${resp.json()['form']}</arg>
<arg>度假村</arg>
</arguments>
<status status="PASS" starttime="20181123 17:01:11.275" endtime="20181123 17:01:11.276"></status>
</kw>
<tags>
<tag>post</tag>
</tags>
<status status="PASS" starttime="20181123 17:01:11.001" endtime="20181123 17:01:11.276" critical="yes"></status>
</test>
<test id="s1-s2-t20" name="Post Request With Unicode Data">
<kw name="Create Session" library="RequestsLibrary">
<doc>Create Session: create a HTTP session to a server</doc>
<arguments>
<arg>httpbin</arg>
<arg>http://httpbin.org</arg>
<arg>debug=3</arg>
</arguments>
<msg timestamp="20181123 17:01:11.278" level="INFO">Creating Session using : alias=httpbin, url=http://httpbin.org, headers={},                     cookies=None, auth=None, timeout=None, proxies=None, verify=False,                     debug=3 </msg>
<status status="PASS" starttime="20181123 17:01:11.278" endtime="20181123 17:01:11.280"></status>
</kw>
<kw name="Create Dictionary" library="BuiltIn">
<doc>Creates and returns a dictionary based on the given ``items``.</doc>
<arguments>
<arg>name=度假村</arg>
</arguments>
<assign>
<var>&amp;{data}</var>
</assign>
<msg timestamp="20181123 17:01:11.281" level="INFO">&amp;{data} = { name=度假村 }</msg>
<status status="PASS" starttime="20181123 17:01:11.281" endtime="20181123 17:01:11.281"></status>
</kw>
<kw name="Create Dictionary" library="BuiltIn">
<doc>Creates and returns a dictionary based on the given ``items``.</doc>
<arguments>
<arg>Content-Type=application/x-www-form-urlencoded</arg>
</arguments>
<assign>
<var>&amp;{headers}</var>
</assign>
<msg timestamp="20181123 17:01:11.282" level="INFO">&amp;{headers} = { Content-Type=application/x-www-form-urlencoded }</msg>
<status status="PASS" starttime="20181123 17:01:11.282" endtime="20181123 17:01:11.283"></status>
</kw>
<kw name="Post Request" library="RequestsLibrary">
<doc>Send a POST request on the session object found using the</doc>
<arguments>
<arg>httpbin</arg>
<arg>/post</arg>
<arg>data=${data}</arg>
<arg>headers=${headers}</arg>
</arguments>
<assign>
<var>${resp}</var>
</assign>
<msg timestamp="20181123 17:01:11.540" level="INFO">Post Request using : alias=httpbin, uri=/post, data=name=%E5%BA%A6%E5%81%87%E6%9D%91, headers={'Content-Type': 'application/x-www-form-urlencoded'}, files=None, allow_redirects=True </msg>
<msg timestamp="20181123 17:01:11.540" level="INFO">${resp} = &lt;Response [200]&gt;</msg>
<status status="PASS" starttime="20181123 17:01:11.283" endtime="20181123 17:01:11.541"></status>
</kw>
<kw name="Dictionary Should Contain Value" library="Collections">
<doc>Fails if ``value`` is not found from ``dictionary``.</doc>
<arguments>
<arg>${resp.json()['form']}</arg>
<arg>度假村</arg>
</arguments>
<status status="PASS" starttime="20181123 17:01:11.541" endtime="20181123 17:01:11.542"></status>
</kw>
<tags>
<tag>post</tag>
</tags>
<status status="PASS" starttime="20181123 17:01:11.277" endtime="20181123 17:01:11.542" critical="yes"></status>
</test>
<test id="s1-s2-t21" name="Post Request With Binary Data in Dictionary">
<kw name="Create Session" library="RequestsLibrary">
<doc>Create Session: create a HTTP session to a server</doc>
<arguments>
<arg>httpbin</arg>
<arg>http://httpbin.org</arg>
<arg>debug=3</arg>
</arguments>
<msg timestamp="20181123 17:01:11.545" level="INFO">Creating Session using : alias=httpbin, url=http://httpbin.org, headers={},                     cookies=None, auth=None, timeout=None, proxies=None, verify=False,                     debug=3 </msg>
<status status="PASS" starttime="20181123 17:01:11.544" endtime="20181123 17:01:11.545"></status>
</kw>
<kw name="Get Binary File" library="OperatingSystem">
<doc>Returns the contents of a specified file.</doc>
<arguments>
<arg>/home/robot/tests${/}data.json</arg>
</arguments>
<assign>
<var>${file_data}</var>
</assign>
<msg timestamp="20181123 17:01:11.546" level="INFO" html="yes">Getting file '&lt;a href="file:///home/robot/tests/data.json"&gt;/home/robot/tests/data.json&lt;/a&gt;'.</msg>
<msg timestamp="20181123 17:01:11.551" level="INFO">${file_data} = {"two": 2, "one": 1, "non-ascii": "\xe5\xba\xa6\xe5\x81\x87\xe6\x9d\x91"}
</msg>
<status status="PASS" starttime="20181123 17:01:11.546" endtime="20181123 17:01:11.551"></status>
</kw>
<kw name="Create Dictionary" library="BuiltIn">
<doc>Creates and returns a dictionary based on the given ``items``.</doc>
<arguments>
<arg>name=${file_data.strip()}</arg>
</arguments>
<assign>
<var>&amp;{data}</var>
</assign>
<msg timestamp="20181123 17:01:11.553" level="INFO">&amp;{data} = { name={"two": 2, "one": 1, "non-ascii": "\xe5\xba\xa6\xe5\x81\x87\xe6\x9d\x91"} }</msg>
<status status="PASS" starttime="20181123 17:01:11.551" endtime="20181123 17:01:11.553"></status>
</kw>
<kw name="Create Dictionary" library="BuiltIn">
<doc>Creates and returns a dictionary based on the given ``items``.</doc>
<arguments>
<arg>Content-Type=application/x-www-form-urlencoded</arg>
</arguments>
<assign>
<var>&amp;{headers}</var>
</assign>
<msg timestamp="20181123 17:01:11.554" level="INFO">&amp;{headers} = { Content-Type=application/x-www-form-urlencoded }</msg>
<status status="PASS" starttime="20181123 17:01:11.554" endtime="20181123 17:01:11.554"></status>
</kw>
<kw name="Post Request" library="RequestsLibrary">
<doc>Send a POST request on the session object found using the</doc>
<arguments>
<arg>httpbin</arg>
<arg>/post</arg>
<arg>data=${data}</arg>
<arg>headers=${headers}</arg>
</arguments>
<assign>
<var>${resp}</var>
</assign>
<msg timestamp="20181123 17:01:11.802" level="INFO">Post Request using : alias=httpbin, uri=/post, data=name=%7B%22two%22%3A+2%2C+%22one%22%3A+1%2C+%22non-ascii%22%3A+%22%E5%BA%A6%E5%81%87%E6%9D%91%22%7D, headers={'Content-Type': 'application/x-www-form-urlencoded'}, files=None, allow_redirects=True </msg>
<msg timestamp="20181123 17:01:11.802" level="INFO">${resp} = &lt;Response [200]&gt;</msg>
<status status="PASS" starttime="20181123 17:01:11.555" endtime="20181123 17:01:11.802"></status>
</kw>
<kw name="Log" library="BuiltIn">
<doc>Logs the given message with the given level.</doc>
<arguments>
<arg>${resp.json()['form']}</arg>
</arguments>
<msg timestamp="20181123 17:01:11.804" level="INFO">{'name': '{"two": 2, "one": 1, "non-ascii": "度假村"}'}</msg>
<status status="PASS" starttime="20181123 17:01:11.803" endtime="20181123 17:01:11.804"></status>
</kw>
<kw name="Should Contain" library="BuiltIn">
<doc>Fails if ``container`` does not contain ``item`` one or more times.</doc>
<arguments>
<arg>${resp.json()['form']['name']}</arg>
<arg>\u5ea6\u5047\u6751</arg>
</arguments>
<status status="PASS" starttime="20181123 17:01:11.805" endtime="20181123 17:01:11.806"></status>
</kw>
<tags>
<tag>post</tag>
</tags>
<status status="PASS" starttime="20181123 17:01:11.543" endtime="20181123 17:01:11.806" critical="yes"></status>
</test>
<test id="s1-s2-t22" name="Post Request With Binary Data">
<kw name="Create Session" library="RequestsLibrary">
<doc>Create Session: create a HTTP session to a server</doc>
<arguments>
<arg>httpbin</arg>
<arg>http://httpbin.org</arg>
<arg>debug=3</arg>
</arguments>
<msg timestamp="20181123 17:01:11.810" level="INFO">Creating Session using : alias=httpbin, url=http://httpbin.org, headers={},                     cookies=None, auth=None, timeout=None, proxies=None, verify=False,                     debug=3 </msg>
<status status="PASS" starttime="20181123 17:01:11.809" endtime="20181123 17:01:11.810"></status>
</kw>
<kw name="Get Binary File" library="OperatingSystem">
<doc>Returns the contents of a specified file.</doc>
<arguments>
<arg>/home/robot/tests${/}data.json</arg>
</arguments>
<assign>
<var>${data}</var>
</assign>
<msg timestamp="20181123 17:01:11.812" level="INFO" html="yes">Getting file '&lt;a href="file:///home/robot/tests/data.json"&gt;/home/robot/tests/data.json&lt;/a&gt;'.</msg>
<msg timestamp="20181123 17:01:11.817" level="INFO">${data} = {"two": 2, "one": 1, "non-ascii": "\xe5\xba\xa6\xe5\x81\x87\xe6\x9d\x91"}
</msg>
<status status="PASS" starttime="20181123 17:01:11.811" endtime="20181123 17:01:11.817"></status>
</kw>
<kw name="Create Dictionary" library="BuiltIn">
<doc>Creates and returns a dictionary based on the given ``items``.</doc>
<arguments>
<arg>Content-Type=application/x-www-form-urlencoded</arg>
</arguments>
<assign>
<var>&amp;{headers}</var>
</assign>
<msg timestamp="20181123 17:01:11.820" level="INFO">&amp;{headers} = { Content-Type=application/x-www-form-urlencoded }</msg>
<status status="PASS" starttime="20181123 17:01:11.818" endtime="20181123 17:01:11.820"></status>
</kw>
<kw name="Post Request" library="RequestsLibrary">
<doc>Send a POST request on the session object found using the</doc>
<arguments>
<arg>httpbin</arg>
<arg>/post</arg>
<arg>data=${data}</arg>
<arg>headers=${headers}</arg>
</arguments>
<assign>
<var>${resp}</var>
</assign>
<msg timestamp="20181123 17:01:12.059" level="INFO">Post Request using : alias=httpbin, uri=/post, data={"two": 2, "one": 1, "non-ascii": "度假村"}
, headers={'Content-Type': 'application/x-www-form-urlencoded'}, files=None, allow_redirects=True </msg>
<msg timestamp="20181123 17:01:12.059" level="INFO">${resp} = &lt;Response [200]&gt;</msg>
<status status="PASS" starttime="20181123 17:01:11.820" endtime="20181123 17:01:12.059"></status>
</kw>
<kw name="Log" library="BuiltIn">
<doc>Logs the given message with the given level.</doc>
<arguments>
<arg>${resp.json()['form']}</arg>
</arguments>
<msg timestamp="20181123 17:01:12.060" level="INFO">{'{"two": 2, "one": 1, "non-ascii": "度假村"}\n': ''}</msg>
<status status="PASS" starttime="20181123 17:01:12.060" endtime="20181123 17:01:12.060"></status>
</kw>
<kw name="Evaluate" library="BuiltIn">
<doc>Evaluates the given expression in Python and returns the results.</doc>
<arguments>
<arg>list(${resp.json()}['form'].keys())[0]</arg>
</arguments>
<assign>
<var>${value}</var>
</assign>
<msg timestamp="20181123 17:01:12.062" level="INFO">${value} = {"two": 2, "one": 1, "non-ascii": "度假村"}
</msg>
<status status="PASS" starttime="20181123 17:01:12.061" endtime="20181123 17:01:12.062"></status>
</kw>
<kw name="Should Contain" library="BuiltIn">
<doc>Fails if ``container`` does not contain ``item`` one or more times.</doc>
<arguments>
<arg>${value}</arg>
<arg>度假村</arg>
</arguments>
<status status="PASS" starttime="20181123 17:01:12.062" endtime="20181123 17:01:12.062"></status>
</kw>
<tags>
<tag>post</tag>
</tags>
<status status="PASS" starttime="20181123 17:01:11.808" endtime="20181123 17:01:12.063" critical="yes"></status>
</test>
<test id="s1-s2-t23" name="Post Request With Arbitrary Binary Data">
<kw name="Create Session" library="RequestsLibrary">
<doc>Create Session: create a HTTP session to a server</doc>
<arguments>
<arg>httpbin</arg>
<arg>http://httpbin.org</arg>
<arg>debug=3</arg>
</arguments>
<msg timestamp="20181123 17:01:12.066" level="INFO">Creating Session using : alias=httpbin, url=http://httpbin.org, headers={},                     cookies=None, auth=None, timeout=None, proxies=None, verify=False,                     debug=3 </msg>
<status status="PASS" starttime="20181123 17:01:12.065" endtime="20181123 17:01:12.066"></status>
</kw>
<kw name="Get Binary File" library="OperatingSystem">
<doc>Returns the contents of a specified file.</doc>
<arguments>
<arg>/home/robot/tests${/}randombytes.bin</arg>
</arguments>
<assign>
<var>${data}</var>
</assign>
<msg timestamp="20181123 17:01:12.067" level="INFO" html="yes">Getting file '&lt;a href="file:///home/robot/tests/randombytes.bin"&gt;/home/robot/tests/randombytes.bin&lt;/a&gt;'.</msg>
<msg timestamp="20181123 17:01:12.073" level="INFO">${data} = \xcc\xe2f\xa1g\xb6\xdc\x84\xcb)\x86'\xc0&amp;\xbd\xddt\xe4\xa6I\xde \xf0\xb0\xf8\x8eI)\xf7\xd4\xa6\xab\xf4]$k"\xfe\xd4\xb1\xa9\x89\xad:&lt;_\x8e\x88c%R!|\x82\xae\xa3,|o\xe6\xca\xaa\xac\xf6\xba~\x9a\xe6...</msg>
<status status="PASS" starttime="20181123 17:01:12.067" endtime="20181123 17:01:12.073"></status>
</kw>
<kw name="Create Dictionary" library="BuiltIn">
<doc>Creates and returns a dictionary based on the given ``items``.</doc>
<arguments>
<arg>Content-Type=application/octet-stream</arg>
<arg>Accept=application/octet-stream</arg>
</arguments>
<assign>
<var>&amp;{headers}</var>
</assign>
<msg timestamp="20181123 17:01:12.075" level="INFO">&amp;{headers} = { Content-Type=application/octet-stream | Accept=application/octet-stream }</msg>
<status status="PASS" starttime="20181123 17:01:12.074" endtime="20181123 17:01:12.075"></status>
</kw>
<kw name="Post Request" library="RequestsLibrary">
<doc>Send a POST request on the session object found using the</doc>
<arguments>
<arg>httpbin</arg>
<arg>/post</arg>
<arg>data=${data}</arg>
<arg>headers=&amp;{headers}</arg>
</arguments>
<assign>
<var>${resp}</var>
</assign>
<msg timestamp="20181123 17:01:12.326" level="INFO">Post Request using : alias=httpbin, uri=/post, data=&lt;application/octet-stream&gt;, headers={'Content-Type': 'application/octet-stream', 'Accept': 'application/octet-stream'}, files=None, allow_redirects=True </msg>
<msg timestamp="20181123 17:01:12.326" level="INFO">${resp} = &lt;Response [200]&gt;</msg>
<status status="PASS" starttime="20181123 17:01:12.075" endtime="20181123 17:01:12.326"></status>
</kw>
<kw name="Log" library="BuiltIn">
<doc>Logs the given message with the given level.</doc>
<arguments>
<arg>"Success"</arg>
</arguments>
<msg timestamp="20181123 17:01:12.327" level="INFO">"Success"</msg>
<status status="PASS" starttime="20181123 17:01:12.326" endtime="20181123 17:01:12.327"></status>
</kw>
<tags>
<tag>post</tag>
</tags>
<status status="PASS" starttime="20181123 17:01:12.064" endtime="20181123 17:01:12.327" critical="yes"></status>
</test>
<test id="s1-s2-t24" name="Post With File">
<kw name="Create Session" library="RequestsLibrary">
<doc>Create Session: create a HTTP session to a server</doc>
<arguments>
<arg>httpbin</arg>
<arg>http://httpbin.org</arg>
</arguments>
<msg timestamp="20181123 17:01:12.329" level="INFO">Creating Session using : alias=httpbin, url=http://httpbin.org, headers={},                     cookies=None, auth=None, timeout=None, proxies=None, verify=False,                     debug=0 </msg>
<status status="PASS" starttime="20181123 17:01:12.329" endtime="20181123 17:01:12.330"></status>
</kw>
<kw name="Get Binary File" library="OperatingSystem">
<doc>Returns the contents of a specified file.</doc>
<arguments>
<arg>/home/robot/tests${/}data.json</arg>
</arguments>
<assign>
<var>${file_data}</var>
</assign>
<msg timestamp="20181123 17:01:12.332" level="INFO" html="yes">Getting file '&lt;a href="file:///home/robot/tests/data.json"&gt;/home/robot/tests/data.json&lt;/a&gt;'.</msg>
<msg timestamp="20181123 17:01:12.337" level="INFO">${file_data} = {"two": 2, "one": 1, "non-ascii": "\xe5\xba\xa6\xe5\x81\x87\xe6\x9d\x91"}
</msg>
<status status="PASS" starttime="20181123 17:01:12.331" endtime="20181123 17:01:12.337"></status>
</kw>
<kw name="Create Dictionary" library="BuiltIn">
<doc>Creates and returns a dictionary based on the given ``items``.</doc>
<arguments>
<arg>file=${file_data}</arg>
</arguments>
<assign>
<var>&amp;{files}</var>
</assign>
<msg timestamp="20181123 17:01:12.339" level="INFO">&amp;{files} = { file={"two": 2, "one": 1, "non-ascii": "\xe5\xba\xa6\xe5\x81\x87\xe6\x9d\x91"}
 }</msg>
<status status="PASS" starttime="20181123 17:01:12.337" endtime="20181123 17:01:12.339"></status>
</kw>
<kw name="Post Request" library="RequestsLibrary">
<doc>Send a POST request on the session object found using the</doc>
<arguments>
<arg>httpbin</arg>
<arg>/post</arg>
<arg>files=${files}</arg>
</arguments>
<assign>
<var>${resp}</var>
</assign>
<msg timestamp="20181123 17:01:12.590" level="INFO">Post Request using : alias=httpbin, uri=/post, data=&lt;empty&gt;, headers=None, files={'file': b'{"two": 2, "one": 1, "non-ascii": "\xe5\xba\xa6\xe5\x81\x87\xe6\x9d\x91"}\n'}, allow_redirects=True </msg>
<msg timestamp="20181123 17:01:12.590" level="INFO">${resp} = &lt;Response [200]&gt;</msg>
<status status="PASS" starttime="20181123 17:01:12.340" endtime="20181123 17:01:12.590"></status>
</kw>
<kw name="To Json" library="RequestsLibrary">
<doc>Convert a string to a JSON object</doc>
<arguments>
<arg>${resp.json()['files']['file']}</arg>
</arguments>
<assign>
<var>${file}</var>
</assign>
<msg timestamp="20181123 17:01:12.592" level="INFO">To JSON using : content={"two": 2, "one": 1, "non-ascii": "度假村"}
 </msg>
<msg timestamp="20181123 17:01:12.592" level="INFO">To JSON using : pretty_print=False </msg>
<msg timestamp="20181123 17:01:12.592" level="INFO">${file} = {'two': 2, 'one': 1, 'non-ascii': '度假村'}</msg>
<status status="PASS" starttime="20181123 17:01:12.591" endtime="20181123 17:01:12.592"></status>
</kw>
<kw name="Dictionary Should Contain Key" library="Collections">
<doc>Fails if ``key`` is not found from ``dictionary``.</doc>
<arguments>
<arg>${file}</arg>
<arg>one</arg>
</arguments>
<status status="PASS" starttime="20181123 17:01:12.593" endtime="20181123 17:01:12.593"></status>
</kw>
<kw name="Dictionary Should Contain Key" library="Collections">
<doc>Fails if ``key`` is not found from ``dictionary``.</doc>
<arguments>
<arg>${file}</arg>
<arg>two</arg>
</arguments>
<status status="PASS" starttime="20181123 17:01:12.594" endtime="20181123 17:01:12.594"></status>
</kw>
<tags>
<tag>post</tag>
</tags>
<status status="PASS" starttime="20181123 17:01:12.328" endtime="20181123 17:01:12.595" critical="yes"></status>
</test>
<test id="s1-s2-t25" name="Post Request With File">
<kw name="Create Session" library="RequestsLibrary">
<doc>Create Session: create a HTTP session to a server</doc>
<arguments>
<arg>httpbin</arg>
<arg>http://httpbin.org</arg>
</arguments>
<msg timestamp="20181123 17:01:12.597" level="INFO">Creating Session using : alias=httpbin, url=http://httpbin.org, headers={},                     cookies=None, auth=None, timeout=None, proxies=None, verify=False,                     debug=0 </msg>
<status status="PASS" starttime="20181123 17:01:12.597" endtime="20181123 17:01:12.598"></status>
</kw>
<kw name="Get Binary File" library="OperatingSystem">
<doc>Returns the contents of a specified file.</doc>
<arguments>
<arg>/home/robot/tests${/}data.json</arg>
</arguments>
<assign>
<var>${file_data}</var>
</assign>
<msg timestamp="20181123 17:01:12.599" level="INFO" html="yes">Getting file '&lt;a href="file:///home/robot/tests/data.json"&gt;/home/robot/tests/data.json&lt;/a&gt;'.</msg>
<msg timestamp="20181123 17:01:12.604" level="INFO">${file_data} = {"two": 2, "one": 1, "non-ascii": "\xe5\xba\xa6\xe5\x81\x87\xe6\x9d\x91"}
</msg>
<status status="PASS" starttime="20181123 17:01:12.599" endtime="20181123 17:01:12.604"></status>
</kw>
<kw name="Create Dictionary" library="BuiltIn">
<doc>Creates and returns a dictionary based on the given ``items``.</doc>
<arguments>
<arg>file=${file_data}</arg>
</arguments>
<assign>
<var>&amp;{files}</var>
</assign>
<msg timestamp="20181123 17:01:12.605" level="INFO">&amp;{files} = { file={"two": 2, "one": 1, "non-ascii": "\xe5\xba\xa6\xe5\x81\x87\xe6\x9d\x91"}
 }</msg>
<status status="PASS" starttime="20181123 17:01:12.604" endtime="20181123 17:01:12.605"></status>
</kw>
<kw name="Post Request" library="RequestsLibrary">
<doc>Send a POST request on the session object found using the</doc>
<arguments>
<arg>httpbin</arg>
<arg>/post</arg>
<arg>files=${files}</arg>
</arguments>
<assign>
<var>${resp}</var>
</assign>
<msg timestamp="20181123 17:01:12.864" level="INFO">Post Request using : alias=httpbin, uri=/post, data=&lt;empty&gt;, headers=None, files={'file': b'{"two": 2, "one": 1, "non-ascii": "\xe5\xba\xa6\xe5\x81\x87\xe6\x9d\x91"}\n'}, allow_redirects=True </msg>
<msg timestamp="20181123 17:01:12.864" level="INFO">${resp} = &lt;Response [200]&gt;</msg>
<status status="PASS" starttime="20181123 17:01:12.606" endtime="20181123 17:01:12.864"></status>
</kw>
<kw name="To Json" library="RequestsLibrary">
<doc>Convert a string to a JSON object</doc>
<arguments>
<arg>${resp.json()['files']['file']}</arg>
</arguments>
<assign>
<var>${file}</var>
</assign>
<msg timestamp="20181123 17:01:12.865" level="INFO">To JSON using : content={"two": 2, "one": 1, "non-ascii": "度假村"}
 </msg>
<msg timestamp="20181123 17:01:12.865" level="INFO">To JSON using : pretty_print=False </msg>
<msg timestamp="20181123 17:01:12.866" level="INFO">${file} = {'two': 2, 'one': 1, 'non-ascii': '度假村'}</msg>
<status status="PASS" starttime="20181123 17:01:12.864" endtime="20181123 17:01:12.866"></status>
</kw>
<kw name="Dictionary Should Contain Key" library="Collections">
<doc>Fails if ``key`` is not found from ``dictionary``.</doc>
<arguments>
<arg>${file}</arg>
<arg>one</arg>
</arguments>
<status status="PASS" starttime="20181123 17:01:12.866" endtime="20181123 17:01:12.867"></status>
</kw>
<kw name="Dictionary Should Contain Key" library="Collections">
<doc>Fails if ``key`` is not found from ``dictionary``.</doc>
<arguments>
<arg>${file}</arg>
<arg>two</arg>
</arguments>
<status status="PASS" starttime="20181123 17:01:12.867" endtime="20181123 17:01:12.868"></status>
</kw>
<tags>
<tag>post</tag>
</tags>
<status status="PASS" starttime="20181123 17:01:12.596" endtime="20181123 17:01:12.868" critical="yes"></status>
</test>
<test id="s1-s2-t26" name="Post Request With Data and File">
<kw name="Create Session" library="RequestsLibrary">
<doc>Create Session: create a HTTP session to a server</doc>
<arguments>
<arg>httpbin</arg>
<arg>http://httpbin.org</arg>
</arguments>
<msg timestamp="20181123 17:01:12.871" level="INFO">Creating Session using : alias=httpbin, url=http://httpbin.org, headers={},                     cookies=None, auth=None, timeout=None, proxies=None, verify=False,                     debug=0 </msg>
<status status="PASS" starttime="20181123 17:01:12.870" endtime="20181123 17:01:12.872"></status>
</kw>
<kw name="Create Dictionary" library="BuiltIn">
<doc>Creates and returns a dictionary based on the given ``items``.</doc>
<arguments>
<arg>name=mallikarjunarao</arg>
<arg>surname=kosuri</arg>
</arguments>
<assign>
<var>&amp;{data}</var>
</assign>
<msg timestamp="20181123 17:01:12.873" level="INFO">&amp;{data} = { name=mallikarjunarao | surname=kosuri }</msg>
<status status="PASS" starttime="20181123 17:01:12.872" endtime="20181123 17:01:12.874"></status>
</kw>
<kw name="Create File" library="OperatingSystem">
<doc>Creates a file with the given content and encoding.</doc>
<arguments>
<arg>foobar.txt</arg>
<arg>content=foobar</arg>
</arguments>
<msg timestamp="20181123 17:01:12.875" level="INFO" html="yes">Created file '&lt;a href="file:///home/robot/foobar.txt"&gt;/home/robot/foobar.txt&lt;/a&gt;'.</msg>
<status status="PASS" starttime="20181123 17:01:12.874" endtime="20181123 17:01:12.875"></status>
</kw>
<kw name="Get File" library="OperatingSystem">
<doc>Returns the contents of a specified file.</doc>
<arguments>
<arg>foobar.txt</arg>
</arguments>
<assign>
<var>${file_data}</var>
</assign>
<msg timestamp="20181123 17:01:12.876" level="INFO" html="yes">Getting file '&lt;a href="file:///home/robot/foobar.txt"&gt;/home/robot/foobar.txt&lt;/a&gt;'.</msg>
<msg timestamp="20181123 17:01:12.877" level="INFO">${file_data} = foobar</msg>
<status status="PASS" starttime="20181123 17:01:12.876" endtime="20181123 17:01:12.877"></status>
</kw>
<kw name="Create Dictionary" library="BuiltIn">
<doc>Creates and returns a dictionary based on the given ``items``.</doc>
<arguments>
<arg>file=${file_data}</arg>
</arguments>
<assign>
<var>&amp;{files}</var>
</assign>
<msg timestamp="20181123 17:01:12.878" level="INFO">&amp;{files} = { file=foobar }</msg>
<status status="PASS" starttime="20181123 17:01:12.877" endtime="20181123 17:01:12.879"></status>
</kw>
<kw name="Post Request" library="RequestsLibrary">
<doc>Send a POST request on the session object found using the</doc>
<arguments>
<arg>httpbin</arg>
<arg>/post</arg>
<arg>files=${files}</arg>
<arg>data=${data}</arg>
</arguments>
<assign>
<var>${resp}</var>
</assign>
<msg timestamp="20181123 17:01:13.122" level="INFO">Post Request using : alias=httpbin, uri=/post, data=&lt;empty&gt;, headers=None, files={'file': 'foobar'}, allow_redirects=True </msg>
<msg timestamp="20181123 17:01:13.122" level="INFO">${resp} = &lt;Response [200]&gt;</msg>
<status status="PASS" starttime="20181123 17:01:12.879" endtime="20181123 17:01:13.122"></status>
</kw>
<kw name="Should Be Equal As Strings" library="BuiltIn">
<doc>Fails if objects are unequal after converting them to strings.</doc>
<arguments>
<arg>${resp.status_code}</arg>
<arg>200</arg>
</arguments>
<msg timestamp="20181123 17:01:13.123" level="INFO">Argument types are:
&lt;class 'int'&gt;
&lt;type 'unicode'&gt;</msg>
<status status="PASS" starttime="20181123 17:01:13.123" endtime="20181123 17:01:13.124"></status>
</kw>
<tags>
<tag>post</tag>
</tags>
<status status="PASS" starttime="20181123 17:01:12.869" endtime="20181123 17:01:13.124" critical="yes"></status>
</test>
<test id="s1-s2-t27" name="Put Requests">
<kw name="Create Session" library="RequestsLibrary">
<doc>Create Session: create a HTTP session to a server</doc>
<arguments>
<arg>httpbin</arg>
<arg>http://httpbin.org</arg>
</arguments>
<msg timestamp="20181123 17:01:13.126" level="INFO">Creating Session using : alias=httpbin, url=http://httpbin.org, headers={},                     cookies=None, auth=None, timeout=None, proxies=None, verify=False,                     debug=0 </msg>
<status status="PASS" starttime="20181123 17:01:13.126" endtime="20181123 17:01:13.127"></status>
</kw>
<kw name="Create Dictionary" library="BuiltIn">
<doc>Creates and returns a dictionary based on the given ``items``.</doc>
<arguments>
<arg>name=bulkan</arg>
<arg>surname=evcimen</arg>
</arguments>
<assign>
<var>&amp;{data}</var>
</assign>
<msg timestamp="20181123 17:01:13.128" level="INFO">&amp;{data} = { name=bulkan | surname=evcimen }</msg>
<status status="PASS" starttime="20181123 17:01:13.127" endtime="20181123 17:01:13.128"></status>
</kw>
<kw name="Create Dictionary" library="BuiltIn">
<doc>Creates and returns a dictionary based on the given ``items``.</doc>
<arguments>
<arg>Content-Type=application/x-www-form-urlencoded</arg>
</arguments>
<assign>
<var>&amp;{headers}</var>
</assign>
<msg timestamp="20181123 17:01:13.129" level="INFO">&amp;{headers} = { Content-Type=application/x-www-form-urlencoded }</msg>
[...]
</kw>
<kw name="Should Be Equal As Strings" library="BuiltIn">
<doc>Fails if objects are unequal after converting them to strings.</doc>
<arguments>
<arg>${resp.status_code}</arg>
<arg>200</arg>
</arguments>
<msg timestamp="20181123 17:01:19.586" level="INFO">Argument types are:
&lt;class 'int'&gt;
&lt;type 'unicode'&gt;</msg>
<status status="PASS" starttime="20181123 17:01:19.585" endtime="20181123 17:01:19.586"></status>
</kw>
<kw name="Put Request" library="RequestsLibrary">
<doc>Send a PUT request on the session object found using the</doc>
<arguments>
<arg>jigsaw</arg>
<arg>/HTTP/300/302.html</arg>
<arg>allow_redirects=${true}</arg>
</arguments>
<assign>
<var>${resp}</var>
</assign>
<msg timestamp="20181123 17:01:19.831" level="INFO">Put Request using : alias=jigsaw, uri=/HTTP/300/302.html, data=None,                     headers=None, allow_redirects=True </msg>
<msg timestamp="20181123 17:01:19.831" level="INFO">${resp} = &lt;Response [200]&gt;</msg>
<status status="PASS" starttime="20181123 17:01:19.586" endtime="20181123 17:01:19.831"></status>
</kw>
<kw name="Should Be Equal As Strings" library="BuiltIn">
<doc>Fails if objects are unequal after converting them to strings.</doc>
<arguments>
<arg>${resp.status_code}</arg>
<arg>200</arg>
</arguments>
<msg timestamp="20181123 17:01:19.832" level="INFO">Argument types are:
&lt;class 'int'&gt;
&lt;type 'unicode'&gt;</msg>
<status status="PASS" starttime="20181123 17:01:19.832" endtime="20181123 17:01:19.833"></status>
</kw>
<tags>
<tag>put</tag>
</tags>
<status status="PASS" starttime="20181123 17:01:19.198" endtime="20181123 17:01:19.833" critical="yes"></status>
</test>
<test id="s1-s2-t44" name="Put Request Without Redirection">
<kw name="Create Session" library="RequestsLibrary">
<doc>Create Session: create a HTTP session to a server</doc>
<arguments>
<arg>jigsaw</arg>
<arg>http://jigsaw.w3.org</arg>
</arguments>
<msg timestamp="20181123 17:01:19.835" level="INFO">Creating Session using : alias=jigsaw, url=http://jigsaw.w3.org, headers={},                     cookies=None, auth=None, timeout=None, proxies=None, verify=False,                     debug=0 </msg>
<status status="PASS" starttime="20181123 17:01:19.834" endtime="20181123 17:01:19.836"></status>
</kw>
<kw name="Put Request" library="RequestsLibrary">
<doc>Send a PUT request on the session object found using the</doc>
<arguments>
<arg>jigsaw</arg>
<arg>/HTTP/300/302.html</arg>
<arg>allow_redirects=${false}</arg>
</arguments>
<assign>
<var>${resp}</var>
</assign>
<msg timestamp="20181123 17:01:20.069" level="INFO">Put Request using : alias=jigsaw, uri=/HTTP/300/302.html, data=None,                     headers=None, allow_redirects=False </msg>
<msg timestamp="20181123 17:01:20.070" level="INFO">${resp} = &lt;Response [302]&gt;</msg>
<status status="PASS" starttime="20181123 17:01:19.836" endtime="20181123 17:01:20.070"></status>
</kw>
<kw name="Convert To String" library="BuiltIn">
<doc>Converts the given item to a Unicode string.</doc>
<arguments>
<arg>${resp.status_code}</arg>
</arguments>
<assign>
<var>${status}</var>
</assign>
<msg timestamp="20181123 17:01:20.071" level="INFO">${status} = 302</msg>
<status status="PASS" starttime="20181123 17:01:20.070" endtime="20181123 17:01:20.071"></status>
</kw>
<kw name="Should Start With" library="BuiltIn">
<doc>Fails if the string ``str1`` does not start with the string ``str2``.</doc>
<arguments>
<arg>${status}</arg>
<arg>30</arg>
</arguments>
<status status="PASS" starttime="20181123 17:01:20.071" endtime="20181123 17:01:20.072"></status>
</kw>
<tags>
<tag>put</tag>
</tags>
<status status="PASS" starttime="20181123 17:01:19.833" endtime="20181123 17:01:20.072" critical="yes"></status>
</test>
<test id="s1-s2-t45" name="Do Not Pretty Print a JSON object">
<kw name="Comment" library="BuiltIn">
<doc>Displays the given messages in the log file as keyword arguments.</doc>
<arguments>
<arg>Define json variable.</arg>
</arguments>
<status status="PASS" starttime="20181123 17:01:20.074" endtime="20181123 17:01:20.074"></status>
</kw>
<kw name="Create Dictionary" library="BuiltIn">
<doc>Creates and returns a dictionary based on the given ``items``.</doc>
<arguments>
<arg>key_one=true</arg>
<arg>key_two=this is a test string</arg>
</arguments>
<assign>
<var>&amp;{var}</var>
</assign>
<msg timestamp="20181123 17:01:20.075" level="INFO">&amp;{var} = { key_one=true | key_two=this is a test string }</msg>
<status status="PASS" starttime="20181123 17:01:20.074" endtime="20181123 17:01:20.075"></status>
</kw>
<kw name="Get Request" library="RequestsLibrary">
<doc>Send a GET request on the session object found using the</doc>
<arguments>
<arg>httpbin</arg>
<arg>/get</arg>
<arg>params=${var}</arg>
</arguments>
<assign>
<var>${resp}</var>
</assign>
<msg timestamp="20181123 17:01:20.194" level="INFO">Get Request using : alias=httpbin, uri=/get, headers=None json=None</msg>
<msg timestamp="20181123 17:01:20.195" level="INFO">${resp} = &lt;Response [200]&gt;</msg>
<status status="PASS" starttime="20181123 17:01:20.075" endtime="20181123 17:01:20.195"></status>
</kw>
<kw name="Set Suite Variable" library="BuiltIn">
<doc>Makes a variable available everywhere within the scope of the current suite.</doc>
<arguments>
<arg>${resp}</arg>
</arguments>
<msg timestamp="20181123 17:01:20.196" level="INFO">${resp} = &lt;Response [200]&gt;</msg>
<status status="PASS" starttime="20181123 17:01:20.195" endtime="20181123 17:01:20.196"></status>
</kw>
<kw name="Should Be Equal As Strings" library="BuiltIn">
<doc>Fails if objects are unequal after converting them to strings.</doc>
<arguments>
<arg>${resp.status_code}</arg>
<arg>200</arg>
</arguments>
<msg timestamp="20181123 17:01:20.197" level="INFO">Argument types are:
&lt;class 'int'&gt;
&lt;type 'unicode'&gt;</msg>
<status status="PASS" starttime="20181123 17:01:20.196" endtime="20181123 17:01:20.197"></status>
</kw>
<kw name="To Json" library="RequestsLibrary">
<doc>Convert a string to a JSON object</doc>
<arguments>
<arg>${resp.content}</arg>
</arguments>
<assign>
<var>${jsondata}</var>
</assign>
<msg timestamp="20181123 17:01:20.198" level="INFO">To JSON using : content={
  "args": {
    "key_one": "true", 
    "key_two": "this is a test string"
  }, 
  "headers": {
    "Accept": "*/*", 
    "Accept-Encoding": "gzip, deflate", 
    "Connection": "close", 
    "Host": "httpbin.org", 
    "User-Agent": "python-requests/2.20.1"
  }, 
  "origin": "92.238.33.21", 
  "url": "http://httpbin.org/get?key_one=true&amp;key_two=this+is+a+test+string"
}
 </msg>
<msg timestamp="20181123 17:01:20.198" level="INFO">To JSON using : pretty_print=False </msg>
<msg timestamp="20181123 17:01:20.198" level="INFO">${jsondata} = {'args': {'key_one': 'true', 'key_two': 'this is a test string'}, 'headers': {'Accept': '*/*', 'Accept-Encoding': 'gzip, deflate', 'Connection': 'close', 'Host': 'httpbin.org', 'User-Agent': 'python-r...</msg>
<status status="PASS" starttime="20181123 17:01:20.197" endtime="20181123 17:01:20.198"></status>
</kw>
<kw name="Dictionaries Should Be Equal" library="Collections">
<doc>Fails if the given dictionaries are not equal.</doc>
<arguments>
<arg>${jsondata['args']}</arg>
<arg>${var}</arg>
</arguments>
<status status="PASS" starttime="20181123 17:01:20.199" endtime="20181123 17:01:20.200"></status>
</kw>
<tags>
<tag>json</tag>
</tags>
<status status="PASS" starttime="20181123 17:01:20.073" endtime="20181123 17:01:20.200" critical="yes"></status>
</test>
<test id="s1-s2-t46" name="Pretty Print a JSON object">
<kw name="Comment" library="BuiltIn">
<doc>Displays the given messages in the log file as keyword arguments.</doc>
<arguments>
<arg>Define json variable.</arg>
</arguments>
<status status="PASS" starttime="20181123 17:01:20.202" endtime="20181123 17:01:20.202"></status>
</kw>
<kw name="Log" library="BuiltIn">
<doc>Logs the given message with the given level.</doc>
<arguments>
<arg>${resp}</arg>
</arguments>
<msg timestamp="20181123 17:01:20.203" level="INFO">&lt;Response [200]&gt;</msg>
<status status="PASS" starttime="20181123 17:01:20.203" endtime="20181123 17:01:20.203"></status>
</kw>
<kw name="To Json" library="RequestsLibrary">
<doc>Convert a string to a JSON object</doc>
<arguments>
<arg>${resp.content}</arg>
<arg>pretty_print=True</arg>
</arguments>
<assign>
<var>${output}</var>
</assign>
<msg timestamp="20181123 17:01:20.205" level="INFO">To JSON using : content={
  "args": {
    "key_one": "true", 
    "key_two": "this is a test string"
  }, 
  "headers": {
    "Accept": "*/*", 
    "Accept-Encoding": "gzip, deflate", 
    "Connection": "close", 
    "Host": "httpbin.org", 
    "User-Agent": "python-requests/2.20.1"
  }, 
  "origin": "92.238.33.21", 
  "url": "http://httpbin.org/get?key_one=true&amp;key_two=this+is+a+test+string"
}
 </msg>
<msg timestamp="20181123 17:01:20.205" level="INFO">To JSON using : pretty_print=True </msg>
<msg timestamp="20181123 17:01:20.205" level="INFO">${output} = {
    "args": {
        "key_one": "true",
        "key_two": "this is a test string"
    },
    "headers": {
        "Accept": "*/*",
        "Accept-Encoding": "gzip, deflate",
        "Connection":...</msg>
<status status="PASS" starttime="20181123 17:01:20.204" endtime="20181123 17:01:20.205"></status>
</kw>
<kw name="Log" library="BuiltIn">
<doc>Logs the given message with the given level.</doc>
<arguments>
<arg>${output}</arg>
</arguments>
<msg timestamp="20181123 17:01:20.206" level="INFO">{
    "args": {
        "key_one": "true",
        "key_two": "this is a test string"
    },
    "headers": {
        "Accept": "*/*",
        "Accept-Encoding": "gzip, deflate",
        "Connection": "close",
        "Host": "httpbin.org",
        "User-Agent": "python-requests/2.20.1"
    },
    "origin": "92.238.33.21",
    "url": "http://httpbin.org/get?key_one=true&amp;key_two=this+is+a+test+string"
}</msg>
<status status="PASS" starttime="20181123 17:01:20.206" endtime="20181123 17:01:20.206"></status>
</kw>
<kw name="Should Contain" library="BuiltIn">
<doc>Fails if ``container`` does not contain ``item`` one or more times.</doc>
<arguments>
<arg>${output}</arg>
<arg>"key_one": "true"</arg>
</arguments>
<status status="PASS" starttime="20181123 17:01:20.206" endtime="20181123 17:01:20.207"></status>
</kw>
<kw name="Should Contain" library="BuiltIn">
<doc>Fails if ``container`` does not contain ``item`` one or more times.</doc>
<arguments>
<arg>${output}</arg>
<arg>"key_two": "this is a test string"</arg>
</arguments>
<status status="PASS" starttime="20181123 17:01:20.207" endtime="20181123 17:01:20.208"></status>
</kw>
<kw name="Should Not Contain" library="BuiltIn">
<doc>Fails if ``container`` contains ``item`` one or more times.</doc>
<arguments>
<arg>${output}</arg>
<arg>{u'key_two': u'this is a test string', u'key_one': u'true'}</arg>
</arguments>
<status status="PASS" starttime="20181123 17:01:20.208" endtime="20181123 17:01:20.209"></status>
</kw>
<tags>
<tag>json</tag>
</tags>
<status status="PASS" starttime="20181123 17:01:20.201" endtime="20181123 17:01:20.209" critical="yes"></status>
</test>
<test id="s1-s2-t47" name="Set Pretty Print to non-Boolean value">
<kw name="Comment" library="BuiltIn">
<doc>Displays the given messages in the log file as keyword arguments.</doc>
<arguments>
<arg>Define json variable.</arg>
</arguments>
<status status="PASS" starttime="20181123 17:01:20.211" endtime="20181123 17:01:20.211"></status>
</kw>
<kw name="Log" library="BuiltIn">
<doc>Logs the given message with the given level.</doc>
<arguments>
<arg>${resp}</arg>
</arguments>
<msg timestamp="20181123 17:01:20.212" level="INFO">&lt;Response [200]&gt;</msg>
<status status="PASS" starttime="20181123 17:01:20.211" endtime="20181123 17:01:20.212"></status>
</kw>
<kw name="To Json" library="RequestsLibrary">
<doc>Convert a string to a JSON object</doc>
<arguments>
<arg>${resp.content}</arg>
<arg>pretty_print="Hello"</arg>
</arguments>
<assign>
<var>${output}</var>
</assign>
<msg timestamp="20181123 17:01:20.214" level="INFO">To JSON using : content={
  "args": {
    "key_one": "true", 
    "key_two": "this is a test string"
  }, 
  "headers": {
    "Accept": "*/*", 
    "Accept-Encoding": "gzip, deflate", 
    "Connection": "close", 
    "Host": "httpbin.org", 
    "User-Agent": "python-requests/2.20.1"
  }, 
  "origin": "92.238.33.21", 
  "url": "http://httpbin.org/get?key_one=true&amp;key_two=this+is+a+test+string"
}
 </msg>
<msg timestamp="20181123 17:01:20.214" level="INFO">To JSON using : pretty_print="Hello" </msg>
<msg timestamp="20181123 17:01:20.214" level="INFO">${output} = {
    "args": {
        "key_one": "true",
        "key_two": "this is a test string"
    },
    "headers": {
        "Accept": "*/*",
        "Accept-Encoding": "gzip, deflate",
        "Connection":...</msg>
<status status="PASS" starttime="20181123 17:01:20.213" endtime="20181123 17:01:20.214"></status>
</kw>
<kw name="Log" library="BuiltIn">
<doc>Logs the given message with the given level.</doc>
<arguments>
<arg>${output}</arg>
</arguments>
<msg timestamp="20181123 17:01:20.215" level="INFO">{
    "args": {
        "key_one": "true",
        "key_two": "this is a test string"
    },
    "headers": {
        "Accept": "*/*",
        "Accept-Encoding": "gzip, deflate",
        "Connection": "close",
        "Host": "httpbin.org",
        "User-Agent": "python-requests/2.20.1"
    },
    "origin": "92.238.33.21",
    "url": "http://httpbin.org/get?key_one=true&amp;key_two=this+is+a+test+string"
}</msg>
<status status="PASS" starttime="20181123 17:01:20.215" endtime="20181123 17:01:20.215"></status>
</kw>
<kw name="Should Contain" library="BuiltIn">
<doc>Fails if ``container`` does not contain ``item`` one or more times.</doc>
<arguments>
<arg>${output}</arg>
<arg>"key_one": "true"</arg>
</arguments>
<status status="PASS" starttime="20181123 17:01:20.215" endtime="20181123 17:01:20.216"></status>
</kw>
<kw name="Should Contain" library="BuiltIn">
<doc>Fails if ``container`` does not contain ``item`` one or more times.</doc>
<arguments>
<arg>${output}</arg>
<arg>"key_two": "this is a test string"</arg>
</arguments>
<status status="PASS" starttime="20181123 17:01:20.216" endtime="20181123 17:01:20.217"></status>
</kw>
<kw name="Should Not Contain" library="BuiltIn">
<doc>Fails if ``container`` contains ``item`` one or more times.</doc>
<arguments>
<arg>${output}</arg>
<arg>{u'key_two': u'this is a test string', u'key_one': u'true'}</arg>
</arguments>
<status status="PASS" starttime="20181123 17:01:20.217" endtime="20181123 17:01:20.218"></status>
</kw>
<tags>
<tag>json</tag>
</tags>
<status status="PASS" starttime="20181123 17:01:20.210" endtime="20181123 17:01:20.218" critical="yes"></status>
</test>
<kw name="Delete All Sessions" library="RequestsLibrary" type="teardown">
<doc>Removes all the session objects</doc>
<msg timestamp="20181123 17:01:20.225" level="INFO">Delete All Sessions</msg>
<status status="PASS" starttime="20181123 17:01:20.225" endtime="20181123 17:01:20.244"></status>
</kw>
<status status="PASS" starttime="20181123 17:01:04.244" endtime="20181123 17:01:20.244"></status>
</suite>
<suite id="s1-s3" name="Sainit" source="/home/robot/tests/sainit.robot">
<test id="s1-s3-t1" name="Robot Framework is ran inside the container">
<kw name="Log To Console" library="BuiltIn">
<doc>Logs the given message to the console.</doc>
<arguments>
<arg>\n\nHello from a Docker container, using keyword Log To Console!\n</arg>
</arguments>
<status status="PASS" starttime="20181123 17:01:20.269" endtime="20181123 17:01:20.271"></status>
</kw>
<status status="PASS" starttime="20181123 17:01:20.265" endtime="20181123 17:01:20.274" critical="yes"></status>
</test>
<status status="PASS" starttime="20181123 17:01:20.259" endtime="20181123 17:01:20.276"></status>
</suite>
<suite id="s1-s4" name="Sanity Checks" source="/home/robot/tests/sanity_checks.robot">
<test id="s1-s4-t1" name="Robot Framework is ran inside the container">
<kw name="Log To Console" library="BuiltIn">
<doc>Logs the given message to the console.</doc>
<arguments>
<arg>\n\nHello from a Docker container, using keyword Log To Console!\n</arg>
</arguments>
<status status="PASS" starttime="20181123 17:01:20.283" endtime="20181123 17:01:20.284"></status>
</kw>
<status status="PASS" starttime="20181123 17:01:20.282" endtime="20181123 17:01:20.284" critical="yes"></status>
</test>
<status status="PASS" starttime="20181123 17:01:20.278" endtime="20181123 17:01:20.285"></status>
</suite>
<suite id="s1-s5" name="Selenium Example" source="/home/robot/tests/selenium_example.robot">
<test id="s1-s5-t1" name="Google And Find BBC">
<kw name="Open Browser To Google">
<kw name="Open Browser" library="Selenium2Library">
<doc>Opens a new browser instance to the given ``url``.</doc>
<arguments>
<arg>https://www.google.co.uk</arg>
<arg>browser=chrome</arg>
</arguments>
<msg timestamp="20181123 17:01:20.546" level="INFO">Opening browser 'chrome' to base url 'https://www.google.co.uk'.</msg>
<kw name="Capture Page Screenshot" library="Selenium2Library">
<doc>Takes screenshot of the current page and embeds it into log file.</doc>
<msg timestamp="20181123 17:02:21.569" level="INFO">Cannot capture screenshot because no browser is open.</msg>
<status status="PASS" starttime="20181123 17:02:21.568" endtime="20181123 17:02:21.569"></status>
</kw>
<msg timestamp="20181123 17:02:21.569" level="INFO">send: b'POST /session HTTP/1.1\r\nHost: 127.0.0.1:56775\r\nAccept-Encoding: identity\r\nContent-Length: 187\r\nAccept: application/json\r\nContent-Type: application/json;charset=UTF-8\r\nUser-Agent: selenium/3.141.0 (python linux)\r\nConnection: keep-alive\r\n\r\n'
send: b'{"capabilities": {"firstMatch": [{}], "alwaysMatch": {"browserName": "chrome", "platformName": "any"}}, "desiredCapabilities": {"browserName": "chrome", "version": "", "platform": "ANY"}}'
reply: 'HTTP/1.1 200 OK\r\n'
header: Content-Length header: Content-Type header: Connection</msg>
<msg timestamp="20181123 17:02:21.571" level="FAIL">WebDriverException: Message: unknown error: Chrome failed to start: exited abnormally
  (Driver info: chromedriver=2.22 (5e2d5494d735a71aa5c2e7ef9bf5ce96945e92e9),platform=Linux 4.9.93-linuxkit-aufs x86_64)
</msg>
<status status="FAIL" starttime="20181123 17:01:20.546" endtime="20181123 17:02:21.571"></status>
</kw>
<status status="FAIL" starttime="20181123 17:01:20.545" endtime="20181123 17:02:21.572"></status>
</kw>
<status status="FAIL" starttime="20181123 17:01:20.543" endtime="20181123 17:02:21.573" critical="yes">WebDriverException: Message: unknown error: Chrome failed to start: exited abnormally
  (Driver info: chromedriver=2.22 (5e2d5494d735a71aa5c2e7ef9bf5ce96945e92e9),platform=Linux 4.9.93-linuxkit-aufs x86_64)
</status>
</test>
<status status="FAIL" starttime="20181123 17:01:20.287" endtime="20181123 17:02:21.579"></status>
</suite>
<status status="FAIL" starttime="20181123 17:01:03.833" endtime="20181123 17:02:21.588"></status>
</suite>
<statistics>
<total>
<stat pass="50" fail="1">Critical Tests</stat>
<stat pass="50" fail="1">All Tests</stat>
</total>
<tag>
<stat pass="4" fail="0">delete</stat>
<stat pass="11" fail="0">get</stat>
<stat pass="5" fail="0">get-cert</stat>
<stat pass="3" fail="0">head</stat>
<stat pass="3" fail="0">json</stat>
<stat pass="2" fail="0">options</stat>
<stat pass="2" fail="0">patch</stat>
<stat pass="15" fail="0">post</stat>
<stat pass="7" fail="0">put</stat>
</tag>
<suite>
<stat pass="50" fail="1" id="s1" name="Tests">Tests</stat>
<stat pass="1" fail="0" id="s1-s1" name="Example">Tests.Example</stat>
<stat pass="47" fail="0" id="s1-s2" name="Requests Example">Tests.Requests Example</stat>
<stat pass="1" fail="0" id="s1-s3" name="Sainit">Tests.Sainit</stat>
<stat pass="1" fail="0" id="s1-s4" name="Sanity Checks">Tests.Sanity Checks</stat>
<stat pass="0" fail="1" id="s1-s5" name="Selenium Example">Tests.Selenium Example</stat>
</suite>
</statistics>
<errors>
</errors>
</robot>
